This is pdfTeX, Version 3.14159265-2.6-1.40.16 (TeX Live 2015) (preloaded format=pdflatex 2016.1.31)  31 AUG 2016 14:25
entering extended mode
 restricted \write18 enabled.
 file:line:error style messages enabled.
 %&-line parsing enabled.
**Data.tex
(./Data.tex
LaTeX2e <2015/01/01>
Babel <3.9l> and hyphenation patterns for 79 languages loaded.

./Data.tex:1: LaTeX Error: Environment figure undefined.

See the LaTeX manual or LaTeX Companion for explanation.
Type  H <return>  for immediate help.
 ...                                              
                                                  
l.1 \begin{figure}
                  
? 

./Data.tex:3: LaTeX Error: Environment tikzpicture undefined.

See the LaTeX manual or LaTeX Companion for explanation.
Type  H <return>  for immediate help.
 ...                                              
                                                  
l.3   \begin{tikzpicture}
                         
? 
./Data.tex:6: Undefined control sequence.
l.6     \node
              at (1,0)[left,fill=blue!20,draw,starburst,drop shadow,text=blu...

? 

./Data.tex:6: LaTeX Error: Missing \begin{document}.

See the LaTeX manual or LaTeX Companion for explanation.
Type  H <return>  for immediate help.
 ...                                              
                                                  
l.6     \node a
               t (1,0)[left,fill=blue!20,draw,starburst,drop shadow,text=blu...

? 
Missing character: There is no a in font nullfont!
Missing character: There is no t in font nullfont!
Missing character: There is no ( in font nullfont!
Missing character: There is no 1 in font nullfont!
Missing character: There is no , in font nullfont!
Missing character: There is no 0 in font nullfont!
Missing character: There is no ) in font nullfont!
Missing character: There is no [ in font nullfont!
Missing character: There is no l in font nullfont!
Missing character: There is no e in font nullfont!
Missing character: There is no f in font nullfont!
Missing character: There is no t in font nullfont!
Missing character: There is no , in font nullfont!
Missing character: There is no f in font nullfont!
Missing character: There is no i in font nullfont!
Missing character: There is no l in font nullfont!
Missing character: There is no l in font nullfont!
Missing character: There is no = in font nullfont!
Missing character: There is no b in font nullfont!
Missing character: There is no l in font nullfont!
Missing character: There is no u in font nullfont!
Missing character: There is no e in font nullfont!
Missing character: There is no ! in font nullfont!
Missing character: There is no 2 in font nullfont!
Missing character: There is no 0 in font nullfont!
Missing character: There is no , in font nullfont!
Missing character: There is no d in font nullfont!
Missing character: There is no r in font nullfont!
Missing character: There is no a in font nullfont!
Missing character: There is no w in font nullfont!
Missing character: There is no , in font nullfont!
Missing character: There is no s in font nullfont!
Missing character: There is no t in font nullfont!
Missing character: There is no a in font nullfont!
Missing character: There is no r in font nullfont!
Missing character: There is no b in font nullfont!
Missing character: There is no u in font nullfont!
Missing character: There is no r in font nullfont!
Missing character: There is no s in font nullfont!
Missing character: There is no t in font nullfont!
Missing character: There is no , in font nullfont!
Missing character: There is no d in font nullfont!
Missing character: There is no r in font nullfont!
Missing character: There is no o in font nullfont!
Missing character: There is no p in font nullfont!
Missing character: There is no s in font nullfont!
Missing character: There is no h in font nullfont!
Missing character: There is no a in font nullfont!
Missing character: There is no d in font nullfont!
Missing character: There is no o in font nullfont!
Missing character: There is no w in font nullfont!
Missing character: There is no , in font nullfont!
Missing character: There is no t in font nullfont!
Missing character: There is no e in font nullfont!
Missing character: There is no x in font nullfont!
Missing character: There is no t in font nullfont!
Missing character: There is no = in font nullfont!
Missing character: There is no b in font nullfont!
Missing character: There is no l in font nullfont!
Missing character: There is no u in font nullfont!
Missing character: There is no e in font nullfont!
Missing character: There is no , in font nullfont!
Missing character: There is no t in font nullfont!
Missing character: There is no e in font nullfont!
Missing character: There is no x in font nullfont!
Missing character: There is no t in font nullfont!
Missing character: There is no c in font nullfont!
Missing character: There is no e in font nullfont!
Missing character: There is no n in font nullfont!
Missing character: There is no t in font nullfont!
Missing character: There is no e in font nullfont!
Missing character: There is no r in font nullfont!
Missing character: There is no e in font nullfont!
Missing character: There is no d in font nullfont!
Missing character: There is no ] in font nullfont!
Missing character: There is no ( in font nullfont!
Missing character: There is no 1 in font nullfont!
Missing character: There is no ) in font nullfont!
./Data.tex:8: Undefined control sequence.
l.8       {\large
                  æ•°æ®}
? 
Missing character: There is no æ in font nullfont!
Missing character: There is no • in font nullfont!
Missing character: There is no ° in font nullfont!
Missing character: There is no æ in font nullfont!
Missing character: There is no  in font nullfont!
Missing character: There is no ® in font nullfont!
Missing character: There is no ; in font nullfont!
./Data.tex:10: Undefined control sequence.
l.10     \node
               at (1.5,0)[right,fill=blue!20,draw,rectangle,rounded corners=...

? 
Missing character: There is no a in font nullfont!
Missing character: There is no t in font nullfont!
Missing character: There is no ( in font nullfont!
Missing character: There is no 1 in font nullfont!
Missing character: There is no . in font nullfont!
Missing character: There is no 5 in font nullfont!
Missing character: There is no , in font nullfont!
Missing character: There is no 0 in font nullfont!
Missing character: There is no ) in font nullfont!
Missing character: There is no [ in font nullfont!
Missing character: There is no r in font nullfont!
Missing character: There is no i in font nullfont!
Missing character: There is no g in font nullfont!
Missing character: There is no h in font nullfont!
Missing character: There is no t in font nullfont!
Missing character: There is no , in font nullfont!
Missing character: There is no f in font nullfont!
Missing character: There is no i in font nullfont!
Missing character: There is no l in font nullfont!
Missing character: There is no l in font nullfont!
Missing character: There is no = in font nullfont!
Missing character: There is no b in font nullfont!
Missing character: There is no l in font nullfont!
Missing character: There is no u in font nullfont!
Missing character: There is no e in font nullfont!
Missing character: There is no ! in font nullfont!
Missing character: There is no 2 in font nullfont!
Missing character: There is no 0 in font nullfont!
Missing character: There is no , in font nullfont!
Missing character: There is no d in font nullfont!
Missing character: There is no r in font nullfont!
Missing character: There is no a in font nullfont!
Missing character: There is no w in font nullfont!
Missing character: There is no , in font nullfont!
Missing character: There is no r in font nullfont!
Missing character: There is no e in font nullfont!
Missing character: There is no c in font nullfont!
Missing character: There is no t in font nullfont!
Missing character: There is no a in font nullfont!
Missing character: There is no n in font nullfont!
Missing character: There is no g in font nullfont!
Missing character: There is no l in font nullfont!
Missing character: There is no e in font nullfont!
Missing character: There is no , in font nullfont!
Missing character: There is no r in font nullfont!
Missing character: There is no o in font nullfont!
Missing character: There is no u in font nullfont!
Missing character: There is no n in font nullfont!
Missing character: There is no d in font nullfont!
Missing character: There is no e in font nullfont!
Missing character: There is no d in font nullfont!
Missing character: There is no c in font nullfont!
Missing character: There is no o in font nullfont!
Missing character: There is no r in font nullfont!
Missing character: There is no n in font nullfont!
Missing character: There is no e in font nullfont!
Missing character: There is no r in font nullfont!
Missing character: There is no s in font nullfont!
Missing character: There is no = in font nullfont!
Missing character: There is no 3 in font nullfont!
Missing character: There is no m in font nullfont!
Missing character: There is no m in font nullfont!
Missing character: There is no , in font nullfont!
Missing character: There is no t in font nullfont!
Missing character: There is no e in font nullfont!
Missing character: There is no x in font nullfont!
Missing character: There is no t in font nullfont!
Missing character: There is no w in font nullfont!
Missing character: There is no i in font nullfont!
Missing character: There is no d in font nullfont!
Missing character: There is no t in font nullfont!
Missing character: There is no h in font nullfont!
Missing character: There is no = in font nullfont!
Missing character: There is no 6 in font nullfont!
Missing character: There is no c in font nullfont!
Missing character: There is no m in font nullfont!
Missing character: There is no ] in font nullfont!
Missing character: There is no ( in font nullfont!
Missing character: There is no 2 in font nullfont!
Missing character: There is no ) in font nullfont!
Missing character: There is no æ in font nullfont!
Missing character: There is no  in font nullfont!
Missing character: There is no  in font nullfont!
Missing character: There is no è in font nullfont!
Missing character: There is no ¿ in font nullfont!
Missing character: There is no ° in font nullfont!
Missing character: There is no å in font nullfont!
Missing character: There is no ® in font nullfont!
Missing character: There is no ¢ in font nullfont!
Missing character: There is no è in font nullfont!
Missing character: There is no § in font nullfont!
Missing character: There is no ‚ in font nullfont!
Missing character: There is no ä in font nullfont!
Missing character: There is no º in font nullfont!
Missing character: There is no ‹ in font nullfont!
Missing character: There is no ç in font nullfont!
Missing character: There is no ‰ in font nullfont!
Missing character: There is no © in font nullfont!
Missing character: There is no ç in font nullfont!
Missing character: There is no š in font nullfont!
Missing character: There is no „ in font nullfont!
Missing character: There is no ç in font nullfont!
Missing character: There is no ¬ in font nullfont!
Missing character: There is no ¦ in font nullfont!
Missing character: There is no å in font nullfont!
Missing character: There is no  in font nullfont!
Missing character: There is no · in font nullfont!
Missing character: There is no , in font nullfont!
Missing character: There is no æ in font nullfont!
Missing character: There is no ˜ in font nullfont!
Missing character: There is no ¯ in font nullfont!
Missing character: There is no è in font nullfont!
Missing character: There is no ® in font nullfont!
Missing character: There is no ¡ in font nullfont!
Missing character: There is no ç in font nullfont!
Missing character: There is no ® in font nullfont!
Missing character: There is no — in font nullfont!
Missing character: There is no æ in font nullfont!
Missing character: There is no œ in font nullfont!
Missing character: There is no º in font nullfont!
Missing character: There is no ä in font nullfont!
Missing character: There is no ¸ in font nullfont!
Missing character: There is no ­ in font nullfont!
Missing character: There is no å in font nullfont!
Missing character: There is no  in font nullfont!
Missing character: There is no ¯ in font nullfont!
Missing character: There is no ä in font nullfont!
Missing character: There is no » in font nullfont!
Missing character: There is no ¥ in font nullfont!
Missing character: There is no æ in font nullfont!
Missing character: There is no “ in font nullfont!
Missing character: There is no  in font nullfont!
Missing character: There is no ä in font nullfont!
Missing character: There is no ½ in font nullfont!
Missing character: There is no œ in font nullfont!
Missing character: There is no ç in font nullfont!
Missing character: There is no š in font nullfont!
Missing character: There is no „ in font nullfont!
Missing character: There is no å in font nullfont!
Missing character: There is no ¯ in font nullfont!
Missing character: There is no ¹ in font nullfont!
Missing character: There is no è in font nullfont!
Missing character: There is no ± in font nullfont!
Missing character: There is no ¡ in font nullfont!
Missing character: There is no , in font nullfont!
Missing character: There is no æ in font nullfont!
Missing character: There is no ˜ in font nullfont!
Missing character: There is no ¯ in font nullfont!
Missing character: There is no è in font nullfont!
Missing character: There is no ƒ in font nullfont!
Missing character: There is no ½ in font nullfont!
Missing character: There is no è in font nullfont!
Missing character: There is no ¢ in font nullfont!
Missing character: There is no « in font nullfont!
Missing character: There is no è in font nullfont!
Missing character: There is no ® in font nullfont!
Missing character: There is no ¡ in font nullfont!
Missing character: There is no ç in font nullfont!
Missing character: There is no ® in font nullfont!
Missing character: There is no — in font nullfont!
Missing character: There is no æ in font nullfont!
Missing character: There is no œ in font nullfont!
Missing character: There is no º in font nullfont!
Missing character: There is no è in font nullfont!
Missing character: There is no ¯ in font nullfont!
Missing character: There is no † in font nullfont!
Missing character: There is no å in font nullfont!
Missing character: There is no ˆ in font nullfont!
Missing character: There is no « in font nullfont!
Missing character: There is no , in font nullfont!
Missing character: There is no å in font nullfont!
Missing character: There is no ¹ in font nullfont!
Missing character: There is no ¶ in font nullfont!
Missing character: There is no è in font nullfont!
Missing character: There is no ¾ in font nullfont!
Missing character: There is no “ in font nullfont!
Missing character: There is no å in font nullfont!
Missing character: There is no … in font nullfont!
Missing character: There is no ¥ in font nullfont!
Missing character: There is no ç in font nullfont!
Missing character: There is no » in font nullfont!
Missing character: There is no ™ in font nullfont!
Missing character: There is no è in font nullfont!
Missing character: There is no ® in font nullfont!
Missing character: There is no ¡ in font nullfont!
Missing character: There is no ç in font nullfont!
Missing character: There is no ® in font nullfont!
Missing character: There is no — in font nullfont!
Missing character: There is no æ in font nullfont!
Missing character: There is no œ in font nullfont!
Missing character: There is no º in font nullfont!
Missing character: There is no å in font nullfont!
Missing character: There is no ¤ in font nullfont!
Missing character: There is no „ in font nullfont!
Missing character: There is no ç in font nullfont!
Missing character: There is no  in font nullfont!
Missing character: There is no † in font nullfont!
Missing character: There is no ç in font nullfont!
Missing character: There is no š in font nullfont!
Missing character: There is no „ in font nullfont!
Missing character: There is no ç in font nullfont!
Missing character: There is no ¬ in font nullfont!
Missing character: There is no ¦ in font nullfont!
Missing character: There is no å in font nullfont!
Missing character: There is no  in font nullfont!
Missing character: There is no · in font nullfont!
Missing character: There is no é in font nullfont!
Missing character: There is no › in font nullfont!
Missing character: There is no † in font nullfont!
Missing character: There is no å in font nullfont!
Missing character: There is no  in font nullfont!
Missing character: There is no ˆ in font nullfont!
Missing character: There is no . in font nullfont!
Missing character: There is no ; in font nullfont!
./Data.tex:14: Undefined control sequence.
l.14     \pause
               
? 
./Data.tex:14: Emergency stop.
l.14     \pause
               
End of file on the terminal!

 
Here is how much of TeX's memory you used:
 7 strings out of 493089
 132 string characters out of 6134842
 53199 words of memory out of 5000000
 3592 multiletter control sequences out of 15000+600000
 3640 words of font info for 14 fonts, out of 8000000 for 9000
 1141 hyphenation exceptions out of 8191
 5i,0n,4p,153b,31s stack positions out of 5000i,500n,10000p,200000b,80000s
./Data.tex:14:  ==> Fatal error occurred, no output PDF file produced!
