This is XeTeX, Version 3.14159265-2.6-0.99998 (TeX Live 2017) (preloaded format=xelatex 2017.7.8)  28 SEP 2017 20:28
entering extended mode
 restricted \write18 enabled.
 %&-line parsing enabled.
**lec.tex
(./lec.tex
LaTeX2e <2017-04-15>
Babel <3.10> and hyphenation patterns for 84 language(s) loaded.
(/usr/local/texlive/2017/texmf-dist/tex/latex/base/article.cls
Document Class: article 2014/09/29 v1.4h Standard LaTeX document class
(/usr/local/texlive/2017/texmf-dist/tex/latex/base/size10.clo
File: size10.clo 2014/09/29 v1.4h Standard LaTeX file (size option)
)
\c@part=\count79
\c@section=\count80
\c@subsection=\count81
\c@subsubsection=\count82
\c@paragraph=\count83
\c@subparagraph=\count84
\c@figure=\count85
\c@table=\count86
\abovecaptionskip=\skip41
\belowcaptionskip=\skip42
\bibindent=\dimen102
)
(/usr/local/texlive/2017/texmf-dist/tex/latex/geometry/geometry.sty
Package: geometry 2010/09/12 v5.6 Page Geometry

(/usr/local/texlive/2017/texmf-dist/tex/latex/graphics/keyval.sty
Package: keyval 2014/10/28 v1.15 key=value parser (DPC)
\KV@toks@=\toks14
)
(/usr/local/texlive/2017/texmf-dist/tex/generic/oberdiek/ifpdf.sty
Package: ifpdf 2017/03/15 v3.2 Provides the ifpdf switch
)
(/usr/local/texlive/2017/texmf-dist/tex/generic/oberdiek/ifvtex.sty
Package: ifvtex 2016/05/16 v1.6 Detect VTeX and its facilities (HO)
Package ifvtex Info: VTeX not detected.
)
(/usr/local/texlive/2017/texmf-dist/tex/generic/ifxetex/ifxetex.sty
Package: ifxetex 2010/09/12 v0.6 Provides ifxetex conditional
)
\Gm@cnth=\count87
\Gm@cntv=\count88
\c@Gm@tempcnt=\count89
\Gm@bindingoffset=\dimen103
\Gm@wd@mp=\dimen104
\Gm@odd@mp=\dimen105
\Gm@even@mp=\dimen106
\Gm@layoutwidth=\dimen107
\Gm@layoutheight=\dimen108
\Gm@layouthoffset=\dimen109
\Gm@layoutvoffset=\dimen110
\Gm@dimlist=\toks15
)
(../asset/global_usepackage.tex
(/usr/local/texlive/2017/texmf-dist/tex/latex/tools/multicol.sty
Package: multicol 2017/04/11 v1.8q multicolumn formatting (FMi)
\c@tracingmulticols=\count90
\mult@box=\box26
\multicol@leftmargin=\dimen111
\c@unbalance=\count91
\c@collectmore=\count92
\doublecol@number=\count93
\multicoltolerance=\count94
\multicolpretolerance=\count95
\full@width=\dimen112
\page@free=\dimen113
\premulticols=\dimen114
\postmulticols=\dimen115
\multicolsep=\skip43
\multicolbaselineskip=\skip44
\partial@page=\box27
\last@line=\box28
\maxbalancingoverflow=\dimen116
\mult@rightbox=\box29
\mult@grightbox=\box30
\mult@gfirstbox=\box31
\mult@firstbox=\box32
\@tempa=\box33
\@tempa=\box34
\@tempa=\box35
\@tempa=\box36
\@tempa=\box37
\@tempa=\box38
\@tempa=\box39
\@tempa=\box40
\@tempa=\box41
\@tempa=\box42
\@tempa=\box43
\@tempa=\box44
\@tempa=\box45
\@tempa=\box46
\@tempa=\box47
\@tempa=\box48
\@tempa=\box49
\c@columnbadness=\count96
\c@finalcolumnbadness=\count97
\last@try=\dimen117
\multicolovershoot=\dimen118
\multicolundershoot=\dimen119
\mult@nat@firstbox=\box50
\colbreak@box=\box51
\mc@col@check@num=\count98
)
(/usr/local/texlive/2017/texmf-dist/tex/latex/tcolorbox/tcolorbox.sty
Package: tcolorbox 2017/04/25 version 4.03 text color boxes

(/usr/local/texlive/2017/texmf-dist/tex/latex/pgf/basiclayer/pgf.sty
(/usr/local/texlive/2017/texmf-dist/tex/latex/pgf/utilities/pgfrcs.sty
(/usr/local/texlive/2017/texmf-dist/tex/generic/pgf/utilities/pgfutil-common.te
x
\pgfutil@everybye=\toks16
\pgfutil@tempdima=\dimen120
\pgfutil@tempdimb=\dimen121

(/usr/local/texlive/2017/texmf-dist/tex/generic/pgf/utilities/pgfutil-common-li
sts.tex))
(/usr/local/texlive/2017/texmf-dist/tex/generic/pgf/utilities/pgfutil-latex.def
\pgfutil@abb=\box52
(/usr/local/texlive/2017/texmf-dist/tex/latex/ms/everyshi.sty
Package: everyshi 2001/05/15 v3.00 EveryShipout Package (MS)
))
(/usr/local/texlive/2017/texmf-dist/tex/generic/pgf/utilities/pgfrcs.code.tex
Package: pgfrcs 2015/08/07 v3.0.1a (rcs-revision 1.31)
))
Package: pgf 2015/08/07 v3.0.1a (rcs-revision 1.15)
(/usr/local/texlive/2017/texmf-dist/tex/latex/pgf/basiclayer/pgfcore.sty
(/usr/local/texlive/2017/texmf-dist/tex/latex/graphics/graphicx.sty
Package: graphicx 2014/10/28 v1.0g Enhanced LaTeX Graphics (DPC,SPQR)

(/usr/local/texlive/2017/texmf-dist/tex/latex/graphics/graphics.sty
Package: graphics 2017/04/14 v1.1b Standard LaTeX Graphics (DPC,SPQR)

(/usr/local/texlive/2017/texmf-dist/tex/latex/graphics/trig.sty
Package: trig 2016/01/03 v1.10 sin cos tan (DPC)
)
(/usr/local/texlive/2017/texmf-dist/tex/latex/graphics-cfg/graphics.cfg
File: graphics.cfg 2016/06/04 v1.11 sample graphics configuration
)
Package graphics Info: Driver file: xetex.def on input line 99.

(/usr/local/texlive/2017/texmf-dist/tex/latex/graphics-def/xetex.def
File: xetex.def 2016/07/11 v4.10 LaTeX color/graphics driver for XeTeX (L3/RRM/
JK)
))
\Gin@req@height=\dimen122
\Gin@req@width=\dimen123
)
(/usr/local/texlive/2017/texmf-dist/tex/latex/pgf/systemlayer/pgfsys.sty
(/usr/local/texlive/2017/texmf-dist/tex/generic/pgf/systemlayer/pgfsys.code.tex
Package: pgfsys 2014/07/09 v3.0.1a (rcs-revision 1.48)
(/usr/local/texlive/2017/texmf-dist/tex/generic/pgf/utilities/pgfkeys.code.tex
\pgfkeys@pathtoks=\toks17
\pgfkeys@temptoks=\toks18

(/usr/local/texlive/2017/texmf-dist/tex/generic/pgf/utilities/pgfkeysfiltered.c
ode.tex
\pgfkeys@tmptoks=\toks19
))
\pgf@x=\dimen124
\pgf@y=\dimen125
\pgf@xa=\dimen126
\pgf@ya=\dimen127
\pgf@xb=\dimen128
\pgf@yb=\dimen129
\pgf@xc=\dimen130
\pgf@yc=\dimen131
\w@pgf@writea=\write3
\r@pgf@reada=\read1
\c@pgf@counta=\count99
\c@pgf@countb=\count100
\c@pgf@countc=\count101
\c@pgf@countd=\count102
\t@pgf@toka=\toks20
\t@pgf@tokb=\toks21
\t@pgf@tokc=\toks22

(/usr/local/texlive/2017/texmf-dist/tex/generic/pgf/systemlayer/pgf.cfg
File: pgf.cfg 2008/05/14  (rcs-revision 1.7)
)
Driver file for pgf: pgfsys-xetex.def

(/usr/local/texlive/2017/texmf-dist/tex/generic/pgf/systemlayer/pgfsys-xetex.de
f
File: pgfsys-xetex.def 2014/07/09  (rcs-revision 1.11)

(/usr/local/texlive/2017/texmf-dist/tex/generic/pgf/systemlayer/pgfsys-dvipdfmx
.def
File: pgfsys-dvipdfmx.def 2014/07/09  (rcs-revision 1.14)

(/usr/local/texlive/2017/texmf-dist/tex/generic/pgf/systemlayer/pgfsys-common-p
df.def
File: pgfsys-common-pdf.def 2013/10/10  (rcs-revision 1.13)
)
\pgfsys@objnum=\count103
)))
(/usr/local/texlive/2017/texmf-dist/tex/generic/pgf/systemlayer/pgfsyssoftpath.
code.tex
File: pgfsyssoftpath.code.tex 2013/09/09  (rcs-revision 1.9)
\pgfsyssoftpath@smallbuffer@items=\count104
\pgfsyssoftpath@bigbuffer@items=\count105
)
(/usr/local/texlive/2017/texmf-dist/tex/generic/pgf/systemlayer/pgfsysprotocol.
code.tex
File: pgfsysprotocol.code.tex 2006/10/16  (rcs-revision 1.4)
)) (/usr/local/texlive/2017/texmf-dist/tex/latex/xcolor/xcolor.sty
Package: xcolor 2016/05/11 v2.12 LaTeX color extensions (UK)

(/usr/local/texlive/2017/texmf-dist/tex/latex/graphics-cfg/color.cfg
File: color.cfg 2016/01/02 v1.6 sample color configuration
)
Package xcolor Info: Driver file: xetex.def on input line 225.
Package xcolor Info: Model `cmy' substituted by `cmy0' on input line 1348.
Package xcolor Info: Model `RGB' extended on input line 1364.
Package xcolor Info: Model `HTML' substituted by `rgb' on input line 1366.
Package xcolor Info: Model `Hsb' substituted by `hsb' on input line 1367.
Package xcolor Info: Model `tHsb' substituted by `hsb' on input line 1368.
Package xcolor Info: Model `HSB' substituted by `hsb' on input line 1369.
Package xcolor Info: Model `Gray' substituted by `gray' on input line 1370.
Package xcolor Info: Model `wave' substituted by `hsb' on input line 1371.
)
(/usr/local/texlive/2017/texmf-dist/tex/generic/pgf/basiclayer/pgfcore.code.tex
Package: pgfcore 2010/04/11 v3.0.1a (rcs-revision 1.7)
(/usr/local/texlive/2017/texmf-dist/tex/generic/pgf/math/pgfmath.code.tex
(/usr/local/texlive/2017/texmf-dist/tex/generic/pgf/math/pgfmathcalc.code.tex
(/usr/local/texlive/2017/texmf-dist/tex/generic/pgf/math/pgfmathutil.code.tex)
(/usr/local/texlive/2017/texmf-dist/tex/generic/pgf/math/pgfmathparser.code.tex
\pgfmath@dimen=\dimen132
\pgfmath@count=\count106
\pgfmath@box=\box53
\pgfmath@toks=\toks23
\pgfmath@stack@operand=\toks24
\pgfmath@stack@operation=\toks25
)
(/usr/local/texlive/2017/texmf-dist/tex/generic/pgf/math/pgfmathfunctions.code.
tex
(/usr/local/texlive/2017/texmf-dist/tex/generic/pgf/math/pgfmathfunctions.basic
.code.tex)
(/usr/local/texlive/2017/texmf-dist/tex/generic/pgf/math/pgfmathfunctions.trigo
nometric.code.tex)
(/usr/local/texlive/2017/texmf-dist/tex/generic/pgf/math/pgfmathfunctions.rando
m.code.tex)
(/usr/local/texlive/2017/texmf-dist/tex/generic/pgf/math/pgfmathfunctions.compa
rison.code.tex)
(/usr/local/texlive/2017/texmf-dist/tex/generic/pgf/math/pgfmathfunctions.base.
code.tex)
(/usr/local/texlive/2017/texmf-dist/tex/generic/pgf/math/pgfmathfunctions.round
.code.tex)
(/usr/local/texlive/2017/texmf-dist/tex/generic/pgf/math/pgfmathfunctions.misc.
code.tex)
(/usr/local/texlive/2017/texmf-dist/tex/generic/pgf/math/pgfmathfunctions.integ
erarithmetics.code.tex)))
(/usr/local/texlive/2017/texmf-dist/tex/generic/pgf/math/pgfmathfloat.code.tex
\c@pgfmathroundto@lastzeros=\count107
))
(/usr/local/texlive/2017/texmf-dist/tex/generic/pgf/basiclayer/pgfcorepoints.co
de.tex
File: pgfcorepoints.code.tex 2013/10/07  (rcs-revision 1.27)
\pgf@picminx=\dimen133
\pgf@picmaxx=\dimen134
\pgf@picminy=\dimen135
\pgf@picmaxy=\dimen136
\pgf@pathminx=\dimen137
\pgf@pathmaxx=\dimen138
\pgf@pathminy=\dimen139
\pgf@pathmaxy=\dimen140
\pgf@xx=\dimen141
\pgf@xy=\dimen142
\pgf@yx=\dimen143
\pgf@yy=\dimen144
\pgf@zx=\dimen145
\pgf@zy=\dimen146
)
(/usr/local/texlive/2017/texmf-dist/tex/generic/pgf/basiclayer/pgfcorepathconst
ruct.code.tex
File: pgfcorepathconstruct.code.tex 2013/10/07  (rcs-revision 1.29)
\pgf@path@lastx=\dimen147
\pgf@path@lasty=\dimen148
)
(/usr/local/texlive/2017/texmf-dist/tex/generic/pgf/basiclayer/pgfcorepathusage
.code.tex
File: pgfcorepathusage.code.tex 2014/11/02  (rcs-revision 1.24)
\pgf@shorten@end@additional=\dimen149
\pgf@shorten@start@additional=\dimen150
)
(/usr/local/texlive/2017/texmf-dist/tex/generic/pgf/basiclayer/pgfcorescopes.co
de.tex
File: pgfcorescopes.code.tex 2015/05/08  (rcs-revision 1.46)
\pgfpic=\box54
\pgf@hbox=\box55
\pgf@layerbox@main=\box56
\pgf@picture@serial@count=\count108
)
(/usr/local/texlive/2017/texmf-dist/tex/generic/pgf/basiclayer/pgfcoregraphicst
ate.code.tex
File: pgfcoregraphicstate.code.tex 2014/11/02  (rcs-revision 1.12)
\pgflinewidth=\dimen151
)
(/usr/local/texlive/2017/texmf-dist/tex/generic/pgf/basiclayer/pgfcoretransform
ations.code.tex
File: pgfcoretransformations.code.tex 2015/08/07  (rcs-revision 1.20)
\pgf@pt@x=\dimen152
\pgf@pt@y=\dimen153
\pgf@pt@temp=\dimen154
)
(/usr/local/texlive/2017/texmf-dist/tex/generic/pgf/basiclayer/pgfcorequick.cod
e.tex
File: pgfcorequick.code.tex 2008/10/09  (rcs-revision 1.3)
)
(/usr/local/texlive/2017/texmf-dist/tex/generic/pgf/basiclayer/pgfcoreobjects.c
ode.tex
File: pgfcoreobjects.code.tex 2006/10/11  (rcs-revision 1.2)
)
(/usr/local/texlive/2017/texmf-dist/tex/generic/pgf/basiclayer/pgfcorepathproce
ssing.code.tex
File: pgfcorepathprocessing.code.tex 2013/09/09  (rcs-revision 1.9)
)
(/usr/local/texlive/2017/texmf-dist/tex/generic/pgf/basiclayer/pgfcorearrows.co
de.tex
File: pgfcorearrows.code.tex 2015/05/14  (rcs-revision 1.43)
\pgfarrowsep=\dimen155
)
(/usr/local/texlive/2017/texmf-dist/tex/generic/pgf/basiclayer/pgfcoreshade.cod
e.tex
File: pgfcoreshade.code.tex 2013/07/15  (rcs-revision 1.15)
\pgf@max=\dimen156
\pgf@sys@shading@range@num=\count109
)
(/usr/local/texlive/2017/texmf-dist/tex/generic/pgf/basiclayer/pgfcoreimage.cod
e.tex
File: pgfcoreimage.code.tex 2013/07/15  (rcs-revision 1.18)

(/usr/local/texlive/2017/texmf-dist/tex/generic/pgf/basiclayer/pgfcoreexternal.
code.tex
File: pgfcoreexternal.code.tex 2014/07/09  (rcs-revision 1.21)
\pgfexternal@startupbox=\box57
))
(/usr/local/texlive/2017/texmf-dist/tex/generic/pgf/basiclayer/pgfcorelayers.co
de.tex
File: pgfcorelayers.code.tex 2013/07/18  (rcs-revision 1.7)
)
(/usr/local/texlive/2017/texmf-dist/tex/generic/pgf/basiclayer/pgfcoretranspare
ncy.code.tex
File: pgfcoretransparency.code.tex 2013/09/30  (rcs-revision 1.5)
)
(/usr/local/texlive/2017/texmf-dist/tex/generic/pgf/basiclayer/pgfcorepatterns.
code.tex
File: pgfcorepatterns.code.tex 2013/11/07  (rcs-revision 1.5)
)))
(/usr/local/texlive/2017/texmf-dist/tex/generic/pgf/modules/pgfmoduleshapes.cod
e.tex
File: pgfmoduleshapes.code.tex 2014/03/21  (rcs-revision 1.35)
\pgfnodeparttextbox=\box58
)
(/usr/local/texlive/2017/texmf-dist/tex/generic/pgf/modules/pgfmoduleplot.code.
tex
File: pgfmoduleplot.code.tex 2015/08/03  (rcs-revision 1.13)
)
(/usr/local/texlive/2017/texmf-dist/tex/latex/pgf/compatibility/pgfcomp-version
-0-65.sty
Package: pgfcomp-version-0-65 2007/07/03 v3.0.1a (rcs-revision 1.7)
\pgf@nodesepstart=\dimen157
\pgf@nodesepend=\dimen158
)
(/usr/local/texlive/2017/texmf-dist/tex/latex/pgf/compatibility/pgfcomp-version
-1-18.sty
Package: pgfcomp-version-1-18 2007/07/23 v3.0.1a (rcs-revision 1.1)
)) (/usr/local/texlive/2017/texmf-dist/tex/latex/tools/verbatim.sty
Package: verbatim 2014/10/28 v1.5q LaTeX2e package for verbatim enhancements
\every@verbatim=\toks26
\verbatim@line=\toks27
\verbatim@in@stream=\read2
)
(/usr/local/texlive/2017/texmf-dist/tex/latex/environ/environ.sty
Package: environ 2014/05/04 v0.3 A new way to define environments

(/usr/local/texlive/2017/texmf-dist/tex/latex/trimspaces/trimspaces.sty
Package: trimspaces 2009/09/17 v1.1 Trim spaces around a token list
)
\@envbody=\toks28
)
(/usr/local/texlive/2017/texmf-dist/tex/latex/etoolbox/etoolbox.sty
Package: etoolbox 2017/01/02 v2.4 e-TeX tools for LaTeX (JAW)
\etb@tempcnta=\count110
)
\tcb@titlebox=\box59
\tcb@upperbox=\box60
\tcb@lowerbox=\box61
\tcb@phantombox=\box62
\c@tcbbreakpart=\count111
\c@tcblayer=\count112
\tcolorbox@number=\count113
\tcb@temp=\box63
\tcb@temp=\box64
\tcb@temp=\box65
\tcb@temp=\box66
\tcb@out=\write4
\tcb@record@out=\write5

(/usr/local/texlive/2017/texmf-dist/tex/latex/tcolorbox/tcbraster.code.tex
Library (tcolorbox): 'tcbraster.code.tex' version '4.03'
\c@tcbrastercolumn=\count114
\c@tcbrasterrow=\count115
\c@tcbraster=\count116
) (/usr/local/texlive/2017/texmf-dist/tex/latex/tcolorbox/tcbskins.code.tex
Library (tcolorbox): 'tcbskins.code.tex' version '4.03'
(/usr/local/texlive/2017/texmf-dist/tex/latex/pgf/frontendlayer/tikz.sty
(/usr/local/texlive/2017/texmf-dist/tex/latex/pgf/utilities/pgffor.sty
(/usr/local/texlive/2017/texmf-dist/tex/latex/pgf/utilities/pgfkeys.sty
(/usr/local/texlive/2017/texmf-dist/tex/generic/pgf/utilities/pgfkeys.code.tex)
) (/usr/local/texlive/2017/texmf-dist/tex/latex/pgf/math/pgfmath.sty
(/usr/local/texlive/2017/texmf-dist/tex/generic/pgf/math/pgfmath.code.tex))
(/usr/local/texlive/2017/texmf-dist/tex/generic/pgf/utilities/pgffor.code.tex
Package: pgffor 2013/12/13 v3.0.1a (rcs-revision 1.25)

(/usr/local/texlive/2017/texmf-dist/tex/generic/pgf/math/pgfmath.code.tex)
\pgffor@iter=\dimen159
\pgffor@skip=\dimen160
\pgffor@stack=\toks29
\pgffor@toks=\toks30
))
(/usr/local/texlive/2017/texmf-dist/tex/generic/pgf/frontendlayer/tikz/tikz.cod
e.tex
Package: tikz 2015/08/07 v3.0.1a (rcs-revision 1.151)

(/usr/local/texlive/2017/texmf-dist/tex/generic/pgf/libraries/pgflibraryplothan
dlers.code.tex
File: pgflibraryplothandlers.code.tex 2013/08/31 v3.0.1a (rcs-revision 1.20)
\pgf@plot@mark@count=\count117
\pgfplotmarksize=\dimen161
)
\tikz@lastx=\dimen162
\tikz@lasty=\dimen163
\tikz@lastxsaved=\dimen164
\tikz@lastysaved=\dimen165
\tikzleveldistance=\dimen166
\tikzsiblingdistance=\dimen167
\tikz@figbox=\box67
\tikz@figbox@bg=\box68
\tikz@tempbox=\box69
\tikz@tempbox@bg=\box70
\tikztreelevel=\count118
\tikznumberofchildren=\count119
\tikznumberofcurrentchild=\count120
\tikz@fig@count=\count121

(/usr/local/texlive/2017/texmf-dist/tex/generic/pgf/modules/pgfmodulematrix.cod
e.tex
File: pgfmodulematrix.code.tex 2013/09/17  (rcs-revision 1.8)
\pgfmatrixcurrentrow=\count122
\pgfmatrixcurrentcolumn=\count123
\pgf@matrix@numberofcolumns=\count124
)
\tikz@expandcount=\count125

(/usr/local/texlive/2017/texmf-dist/tex/generic/pgf/frontendlayer/tikz/librarie
s/tikzlibrarytopaths.code.tex
File: tikzlibrarytopaths.code.tex 2008/06/17 v3.0.1a (rcs-revision 1.2)
)))
\tcb@waterbox=\box71

(/usr/local/texlive/2017/texmf-dist/tex/latex/tcolorbox/tcbskinsjigsaw.code.tex
Library (tcolorbox): 'tcbskinsjigsaw.code.tex' version '4.03'
))
(/usr/local/texlive/2017/texmf-dist/tex/latex/tcolorbox/tcbbreakable.code.tex
Library (tcolorbox): 'tcbbreakable.code.tex' version '4.03'
\tcb@testbox=\box72
\tcb@totalupperbox=\box73
\tcb@totallowerbox=\box74
) (/usr/local/texlive/2017/texmf-dist/tex/latex/tcolorbox/tcbhooks.code.tex
Library (tcolorbox): 'tcbhooks.code.tex' version '4.03'
) (/usr/local/texlive/2017/texmf-dist/tex/latex/tcolorbox/tcbtheorems.code.tex
Library (tcolorbox): 'tcbtheorems.code.tex' version '4.03'
(/usr/local/texlive/2017/texmf-dist/tex/latex/amsmath/amsmath.sty
Package: amsmath 2016/11/05 v2.16a AMS math features
\@mathmargin=\skip45

For additional information on amsmath, use the `?' option.
(/usr/local/texlive/2017/texmf-dist/tex/latex/amsmath/amstext.sty
Package: amstext 2000/06/29 v2.01 AMS text

(/usr/local/texlive/2017/texmf-dist/tex/latex/amsmath/amsgen.sty
File: amsgen.sty 1999/11/30 v2.0 generic functions
\@emptytoks=\toks31
\ex@=\dimen168
))
(/usr/local/texlive/2017/texmf-dist/tex/latex/amsmath/amsbsy.sty
Package: amsbsy 1999/11/29 v1.2d Bold Symbols
\pmbraise@=\dimen169
)
(/usr/local/texlive/2017/texmf-dist/tex/latex/amsmath/amsopn.sty
Package: amsopn 2016/03/08 v2.02 operator names
)
\inf@bad=\count126
LaTeX Info: Redefining \frac on input line 213.
\uproot@=\count127
\leftroot@=\count128
LaTeX Info: Redefining \overline on input line 375.
\classnum@=\count129
\DOTSCASE@=\count130
LaTeX Info: Redefining \ldots on input line 472.
LaTeX Info: Redefining \dots on input line 475.
LaTeX Info: Redefining \cdots on input line 596.
\Mathstrutbox@=\box75
\strutbox@=\box76
\big@size=\dimen170
LaTeX Font Info:    Redeclaring font encoding OML on input line 712.
LaTeX Font Info:    Redeclaring font encoding OMS on input line 713.
\macc@depth=\count131
\c@MaxMatrixCols=\count132
\dotsspace@=\muskip10
\c@parentequation=\count133
\dspbrk@lvl=\count134
\tag@help=\toks32
\row@=\count135
\column@=\count136
\maxfields@=\count137
\andhelp@=\toks33
\eqnshift@=\dimen171
\alignsep@=\dimen172
\tagshift@=\dimen173
\tagwidth@=\dimen174
\totwidth@=\dimen175
\lineht@=\dimen176
\@envbody=\toks34
\multlinegap=\skip46
\multlinetaggap=\skip47
\mathdisplay@stack=\toks35
LaTeX Info: Redefining \[ on input line 2817.
LaTeX Info: Redefining \] on input line 2818.
))
(/usr/local/texlive/2017/texmf-dist/tex/latex/tcolorbox/tcbfitting.code.tex
Library (tcolorbox): 'tcbfitting.code.tex' version '4.03'
\tcbfitdim=\dimen177
\tcb@lowerfitdim=\dimen178
\tcb@upperfitdim=\dimen179
\tcb@cur@hbadness=\count138
) (/usr/local/texlive/2017/texmf-dist/tex/latex/tcolorbox/tcbxparse.code.tex
Library (tcolorbox): 'tcbxparse.code.tex' version '4.03'
(/usr/local/texlive/2017/texmf-dist/tex/latex/l3packages/xparse/xparse.sty
(/usr/local/texlive/2017/texmf-dist/tex/latex/l3kernel/expl3.sty
Package: expl3 2017/05/13 L3 programming layer (loader) 

(/usr/local/texlive/2017/texmf-dist/tex/latex/l3kernel/expl3-code.tex
Package: expl3 2017/05/13 L3 programming layer (code)
\c_max_int=\count139
\l_tmpa_int=\count140
\l_tmpb_int=\count141
\g_tmpa_int=\count142
\g_tmpb_int=\count143
\g__prg_map_int=\count144
\c_log_iow=\count145
\l_iow_line_count_int=\count146
\l__iow_line_target_int=\count147
\l__iow_one_indent_int=\count148
\l__iow_indent_int=\count149
\c_zero_dim=\dimen180
\c_max_dim=\dimen181
\l_tmpa_dim=\dimen182
\l_tmpb_dim=\dimen183
\g_tmpa_dim=\dimen184
\g_tmpb_dim=\dimen185
\c_zero_skip=\skip48
\c_max_skip=\skip49
\l_tmpa_skip=\skip50
\l_tmpb_skip=\skip51
\g_tmpa_skip=\skip52
\g_tmpb_skip=\skip53
\c_zero_muskip=\muskip11
\c_max_muskip=\muskip12
\l_tmpa_muskip=\muskip13
\l_tmpb_muskip=\muskip14
\g_tmpa_muskip=\muskip15
\g_tmpb_muskip=\muskip16
\l_keys_choice_int=\count150
\c__fp_leading_shift_int=\count151
\c__fp_middle_shift_int=\count152
\c__fp_trailing_shift_int=\count153
\c__fp_big_leading_shift_int=\count154
\c__fp_big_middle_shift_int=\count155
\c__fp_big_trailing_shift_int=\count156
\c__fp_Bigg_leading_shift_int=\count157
\c__fp_Bigg_middle_shift_int=\count158
\c__fp_Bigg_trailing_shift_int=\count159
\l__sort_length_int=\count160
\l__sort_min_int=\count161
\l__sort_top_int=\count162
\l__sort_max_int=\count163
\l__sort_true_max_int=\count164
\l__sort_block_int=\count165
\l__sort_begin_int=\count166
\l__sort_end_int=\count167
\l__sort_A_int=\count168
\l__sort_B_int=\count169
\l__sort_C_int=\count170
\c_empty_box=\box77
\l_tmpa_box=\box78
\l_tmpb_box=\box79
\g_tmpa_box=\box80
\g_tmpb_box=\box81
\l__box_top_dim=\dimen186
\l__box_bottom_dim=\dimen187
\l__box_left_dim=\dimen188
\l__box_right_dim=\dimen189
\l__box_top_new_dim=\dimen190
\l__box_bottom_new_dim=\dimen191
\l__box_left_new_dim=\dimen192
\l__box_right_new_dim=\dimen193
\l__box_internal_box=\box82
\l__coffin_internal_box=\box83
\l__coffin_internal_dim=\dimen194
\l__coffin_offset_x_dim=\dimen195
\l__coffin_offset_y_dim=\dimen196
\l__coffin_x_dim=\dimen197
\l__coffin_y_dim=\dimen198
\l__coffin_x_prime_dim=\dimen199
\l__coffin_y_prime_dim=\dimen256
\c_empty_coffin=\box84
\l__coffin_aligned_coffin=\box85
\l__coffin_aligned_internal_coffin=\box86
\l_tmpa_coffin=\box87
\l_tmpb_coffin=\box88
\l__coffin_display_coffin=\box89
\l__coffin_display_coord_coffin=\box90
\l__coffin_display_pole_coffin=\box91
\l__coffin_display_offset_dim=\dimen257
\l__coffin_display_x_dim=\dimen258
\l__coffin_display_y_dim=\dimen259
\l__coffin_bounding_shift_dim=\dimen260
\l__coffin_left_corner_dim=\dimen261
\l__coffin_right_corner_dim=\dimen262
\l__coffin_bottom_corner_dim=\dimen263
\l__coffin_top_corner_dim=\dimen264
\l__coffin_scaled_total_height_dim=\dimen265
\l__coffin_scaled_width_dim=\dimen266
)
(/usr/local/texlive/2017/texmf-dist/tex/latex/l3kernel/l3xdvipdfmx.def
File: l3xdvidpfmx.def 2017/03/18 v L3 Experimental driver: xdvipdfmx
\l__driver_tmp_box=\box92
))
Package: xparse 2017/05/13 L3 Experimental document command parser
\l__xparse_current_arg_int=\count171
\g__xparse_grabber_int=\count172
\l__xparse_m_args_int=\count173
\l__xparse_mandatory_args_int=\count174
\l__xparse_v_nesting_int=\count175
)
.................................................
. LaTeX info: "xparse/define-command"
. 
. Defining command \tcboxverb with sig. ' O{} v ' on line 128.
.................................................
.................................................
. LaTeX info: "xparse/define-command"
. 
. Defining command \tcbsidebyside with sig. ' +O{} +m +m ' on line 280.
.................................................
)
(/usr/local/texlive/2017/texmf-dist/tex/latex/tcolorbox/tcblistingsutf8.code.te
x
Library (tcolorbox): 'tcblistingsutf8.code.tex' version '4.03'
(/usr/local/texlive/2017/texmf-dist/tex/latex/oberdiek/listingsutf8.sty
Package: listingsutf8 2016/05/16 v1.3 Allow UTF-8 in listings input (HO)

(/usr/local/texlive/2017/texmf-dist/tex/latex/listings/listings.sty
\lst@mode=\count176
\lst@gtempboxa=\box93
\lst@token=\toks36
\lst@length=\count177
\lst@currlwidth=\dimen267
\lst@column=\count178
\lst@pos=\count179
\lst@lostspace=\dimen268
\lst@width=\dimen269
\lst@newlines=\count180
\lst@lineno=\count181
\lst@maxwidth=\dimen270

(/usr/local/texlive/2017/texmf-dist/tex/latex/listings/lstmisc.sty
File: lstmisc.sty 2015/06/04 1.6 (Carsten Heinz)
\c@lstnumber=\count182
\lst@skipnumbers=\count183
\lst@framebox=\box94
)
(/usr/local/texlive/2017/texmf-dist/tex/latex/listings/listings.cfg
File: listings.cfg 2015/06/04 1.6 listings configuration
))
Package: listings 2015/06/04 1.6 (Carsten Heinz)

(/usr/local/texlive/2017/texmf-dist/tex/generic/oberdiek/pdftexcmds.sty
Package: pdftexcmds 2017/03/19 v0.25 Utility functions of pdfTeX for LuaTeX (HO
)

(/usr/local/texlive/2017/texmf-dist/tex/generic/oberdiek/infwarerr.sty
Package: infwarerr 2016/05/16 v1.4 Providing info/warning/error messages (HO)
)
(/usr/local/texlive/2017/texmf-dist/tex/generic/oberdiek/ifluatex.sty
Package: ifluatex 2016/05/16 v1.4 Provides the ifluatex switch (HO)
Package ifluatex Info: LuaTeX not detected.
)
(/usr/local/texlive/2017/texmf-dist/tex/generic/oberdiek/ltxcmds.sty
Package: ltxcmds 2016/05/16 v1.23 LaTeX kernel commands for general use (HO)
)
Package pdftexcmds Info: LuaTeX not detected.
Package pdftexcmds Info: pdfTeX >= 1.30 not detected.
Package pdftexcmds Info: \pdf@primitive is available.
Package pdftexcmds Info: \pdf@ifprimitive is available.
Package pdftexcmds Info: \pdfdraftmode not found.
)

Package listingsutf8 Warning: Package loading is aborted because of missing \pd
f@unescapehex.
(listingsutf8)                It is provided by pdfTeX >= 1.30.

) (/usr/local/texlive/2017/texmf-dist/tex/latex/tcolorbox/tcblistings.code.tex
Library (tcolorbox): 'tcblistings.code.tex' version '4.03'

(/usr/local/texlive/2017/texmf-dist/tex/latex/tcolorbox/tcblistingscore.code.te
x
Library (tcolorbox): 'tcblistingscore.code.tex' version '4.03'
(/usr/local/texlive/2017/texmf-dist/tex/latex/tcolorbox/tcbprocessing.code.tex
Library (tcolorbox): 'tcbprocessing.code.tex' version '4.03'
(/usr/local/texlive/2017/texmf-dist/tex/latex/tools/shellesc.sty
Package: shellesc 2016/06/07 v0.02a unified shell escape interface for LaTeX
Package shellesc Info: Restricted shell escape enabled on input line 69.
))
\c@tcblisting=\count184
)))
(/usr/local/texlive/2017/texmf-dist/tex/latex/tcolorbox/tcbexternal.code.tex
Library (tcolorbox): 'tcbexternal.code.tex' version '4.03'
) (/usr/local/texlive/2017/texmf-dist/tex/latex/tcolorbox/tcbmagazine.code.tex
Library (tcolorbox): 'tcbmagazine.code.tex' version '4.03'
) (/usr/local/texlive/2017/texmf-dist/tex/latex/tcolorbox/tcbvignette.code.tex
Library (tcolorbox): 'tcbvignette.code.tex' version '4.03'

(/usr/local/texlive/2017/texmf-dist/tex/generic/pgf/frontendlayer/tikz/librarie
s/tikzlibraryfadings.code.tex
File: tikzlibraryfadings.code.tex 2009/11/15 v3.0.1a (rcs-revision 1.2)

(/usr/local/texlive/2017/texmf-dist/tex/generic/pgf/libraries/pgflibraryfadings
.code.tex
File: pgflibraryfadings.code.tex 2008/02/07 v3.0.1a (rcs-revision 1.3)
))))
\c@testexample=\count185
 (/usr/local/texlive/2017/texmf-dist/tex/latex/lipsum/lipsum.sty
Package: lipsum 2014/07/27 v1.3 150 paragraphs of Lorem Ipsum dummy text
\c@lips@count=\count186
)
(/usr/local/texlive/2017/texmf-dist/tex/latex/ctex/ctex.sty
Package: ctex 2017/04/01 v2.4.9 Chinese adapter in LaTeX (CTEX)

(/usr/local/texlive/2017/texmf-dist/tex/latex/l3packages/l3keys2e/l3keys2e.sty
Package: l3keys2e 2017/05/13 LaTeX2e option processing using LaTeX3 keys
)
\g__file_internal_ior=\read3
(/usr/local/texlive/2017/texmf-dist/tex/latex/ctex/ctexhook.sty
Package: ctexhook 2017/04/01 v2.4.9 Document and package hooks (CTEX)
)
(/usr/local/texlive/2017/texmf-dist/tex/latex/ctex/ctexpatch.sty
Package: ctexpatch 2017/04/01 v2.4.9 Patching commands (CTEX)
)
(/usr/local/texlive/2017/texmf-dist/tex/latex/base/fix-cm.sty
Package: fix-cm 2015/01/14 v1.1t fixes to LaTeX

(/usr/local/texlive/2017/texmf-dist/tex/latex/base/ts1enc.def
File: ts1enc.def 2001/06/05 v3.0e (jk/car/fm) Standard LaTeX file
))
(/usr/local/texlive/2017/texmf-dist/tex/latex/ms/everysel.sty
Package: everysel 2011/10/28 v1.2 EverySelectfont Package (MS)
)
\l__ctex_tmp_int=\count187
\l__ctex_tmp_box=\box95
\l__ctex_tmp_dim=\dimen271

(/usr/local/texlive/2017/texmf-dist/tex/latex/ctex/config/ctexopts.cfg
File: ctexopts.cfg 2017/04/01 v2.4.9 Option configuration file (CTEX)
)
*************************************************
* ctex warning: "deprecated-option"
* 
* Option `noindent' is deprecated.
* The functionality has been removed.\\It's better to set the heading styles
* via `afterindent' options.
*************************************************

(/usr/local/texlive/2017/texmf-dist/tex/latex/ctex/engine/ctex-engine-xetex.def
File: ctex-engine-xetex.def 2017/04/01 v2.4.9 XeLaTeX adapter (CTEX)
(/usr/local/texlive/2017/texmf-dist/tex/xelatex/xecjk/xeCJK.sty
Package: xeCJK 2017/05/15 v3.4.8 Typesetting CJK scripts with XeLaTeX

(/usr/local/texlive/2017/texmf-dist/tex/latex/l3packages/xtemplate/xtemplate.st
y
Package: xtemplate 2017/05/13 L3 Experimental prototype document functions
\l__xtemplate_tmp_dim=\dimen272
\l__xtemplate_tmp_int=\count188
\l__xtemplate_tmp_muskip=\muskip17
\l__xtemplate_tmp_skip=\skip54
)
\l__xeCJK_tmp_int=\count189
\l__xeCJK_tmp_box=\box96
\l__xeCJK_tmp_dim=\dimen273
\l__xeCJK_tmp_skip=\skip55
.................................................
. LaTeX info: "xparse/define-command"
. 
. Defining command \xeCJKShipoutHook with sig. '' on line 148.
.................................................
\g__xeCJK_spacefactor_int=\count190
\l__xeCJK_begin_int=\count191
\l__xeCJK_end_int=\count192
.................................................
. LaTeX info: "xparse/define-command"
. 
. Defining command \makexeCJKactive with sig. '' on line 377.
.................................................
.................................................
. LaTeX info: "xparse/define-command"
. 
. Defining command \makexeCJKinactive with sig. '' on line 378.
.................................................
\c__xeCJK_CJK_class_int=\XeTeXcharclass1
\c__xeCJK_FullLeft_class_int=\XeTeXcharclass2
\c__xeCJK_FullRight_class_int=\XeTeXcharclass3
\c__xeCJK_HalfLeft_class_int=\XeTeXcharclass4
\c__xeCJK_HalfRight_class_int=\XeTeXcharclass5
\c__xeCJK_NormalSpace_class_int=\XeTeXcharclass6
\c__xeCJK_CM_class_int=\XeTeXcharclass7
\c__xeCJK_HangulJamo_class_int=\XeTeXcharclass8
.................................................
. LaTeX info: "xparse/define-command"
. 
. Defining command \xeCJKDeclareCharClass with sig. 's>{\TrimSpaces }mm' on
. line 542.
.................................................
.................................................
. LaTeX info: "xparse/define-command"
. 
. Defining command \__xeCJK_set_char_class_aux:Nnw with sig.
. 'm>{\SplitArgument {1}{->}}m' on line 563.
.................................................
.................................................
. LaTeX info: "xparse/define-command"
. 
. Defining command \normalspacedchars with sig. 'm' on line 608.
.................................................
.................................................
. LaTeX info: "xparse/define-command"
. 
. Defining command \xeCJKResetPunctClass with sig. '' on line 619.
.................................................
.................................................
. LaTeX info: "xparse/define-command"
. 
. Defining command \xeCJKResetCharClass with sig. '' on line 631.
.................................................
\l__xeCJK_last_skip=\skip56
\g__xeCJK_node_int=\count193
\c__xeCJK_CJK_node_dim=\dimen274
\c__xeCJK_CJK-space_node_dim=\dimen275
\c__xeCJK_default_node_dim=\dimen276
\c__xeCJK_default-space_node_dim=\dimen277
\c__xeCJK_CJK-widow_node_dim=\dimen278
\c__xeCJK_normalspace_node_dim=\dimen279
\l__xeCJK_ccglue_skip=\skip57
\l__xeCJK_ecglue_skip=\skip58
.................................................
. LaTeX info: "xparse/define-command"
. 
. Defining command \xeCJKnobreak with sig. '' on line 1470.
.................................................
\l__xeCJK_widow_penalty_int=\count194
.................................................
. LaTeX info: "xparse/define-command"
. 
. Defining command \xeCJKDeclareSubCJKBlock with sig. 's>{\TrimSpaces }mm' on
. line 1666.
.................................................
.................................................
. LaTeX info: "xparse/define-command"
. 
. Defining command \xeCJKCancelSubCJKBlock with sig. 'sm' on line 1677.
.................................................
.................................................
. LaTeX info: "xparse/define-command"
. 
. Defining command \xeCJKRestoreSubCJKBlock with sig. 'sm' on line 1686.
.................................................
.................................................
. LaTeX info: "xparse/define-command"
. 
. Defining command \xeCJKsetwidth with sig. 'smm' on line 1784.
.................................................
.................................................
. LaTeX info: "xparse/define-command"
. 
. Defining command \xeCJKsetkern with sig. 'mmm' on line 1788.
.................................................
.................................................
. xtemplate info: "declare-object-type"
. 
. Declaring object type 'xeCJK/punctuation' taking 0 argument(s) on line 1925.
.................................................
\l__xeCJK_fixed_punct_width_dim=\dimen280
\l__xeCJK_mixed_punct_width_dim=\dimen281
\l__xeCJK_middle_punct_width_dim=\dimen282
\l__xeCJK_fixed_margin_width_dim=\dimen283
\l__xeCJK_mixed_margin_width_dim=\dimen284
\l__xeCJK_middle_margin_width_dim=\dimen285
\l__xeCJK_bound_punct_width_dim=\dimen286
\l__xeCJK_bound_margin_width_dim=\dimen287
\l__xeCJK_margin_minimum_dim=\dimen288
\l__xeCJK_kerning_total_width_dim=\dimen289
\l__xeCJK_same_align_margin_dim=\dimen290
\l__xeCJK_different_align_margin_dim=\dimen291
\l__xeCJK_kerning_margin_width_dim=\dimen292
\l__xeCJK_kerning_margin_minimum_dim=\dimen293
\l__xeCJK_bound_dim=\dimen294
\l__xeCJK_reverse_bound_dim=\dimen295
\l__xeCJK_minimum_bound_dim=\dimen296
\l__xeCJK_kerning_margin_dim=\dimen297
\l__xeCJK_original_margin_dim=\dimen298
.................................................
. LaTeX info: "xparse/define-command"
. 
. Defining command \xeCJKDeclarePunctStyle with sig. '>{\TrimSpaces }mm' on
. line 2423.
.................................................
.................................................
. LaTeX info: "xparse/define-command"
. 
. Defining command \xeCJKEditPunctStyle with sig. '>{\TrimSpaces }mm' on line
. 2436.
.................................................
.................................................
. LaTeX info: "xparse/define-command"
. 
. Defining command \setCJKfallbackfamilyfont with sig. 'mom' on line 2528.
.................................................
\g__xeCJK_family_int=\count195
.................................................
. LaTeX info: "xparse/define-command"
. 
. Defining command \CJKfamily with sig. 't+t-m' on line 2955.
.................................................
.................................................
. LaTeX info: "xparse/define-command"
. 
. Defining command \__xeCJK_gobble_CJKfamily:wn with sig. 't+t-m' on line
. 2969.
.................................................
.................................................
. LaTeX info: "xparse/define-command"
. 
. Defining command \__xeCJK_post_arg:w with sig. 'mmmO{}' on line 3028.
.................................................
.................................................
. LaTeX info: "xparse/define-command"
. 
. Defining command \setCJKmainfont with sig. 'om' on line 3034.
.................................................
.................................................
. LaTeX info: "xparse/define-command"
. 
. Defining command \setCJKsansfont with sig. 'om' on line 3041.
.................................................
.................................................
. LaTeX info: "xparse/define-command"
. 
. Defining command \setCJKmonofont with sig. 'om' on line 3047.
.................................................
.................................................
. LaTeX info: "xparse/define-command"
. 
. Defining command \setCJKfamilyfont with sig. 'mom' on line 3058.
.................................................
.................................................
. LaTeX info: "xparse/define-command"
. 
. Defining command \newCJKfontfamily with sig. 'omom' on line 3066.
.................................................
.................................................
. LaTeX info: "xparse/define-command"
. 
. Defining command \CJKfontspec with sig. 'om' on line 3072.
.................................................
.................................................
. LaTeX info: "xparse/define-command"
. 
. Defining command \defaultCJKfontfeatures with sig. 'm' on line 3095.
.................................................
.................................................
. LaTeX info: "xparse/define-command"
. 
. Defining command \addCJKfontfeatures with sig. 'sO{}m' on line 3101.
.................................................
.................................................
. LaTeX info: "xparse/define-command"
. 
. Defining command \setCJKmathfont with sig. 'om' on line 3275.
.................................................
\l__xeCJK_fam_int=\count196
\g__xeCJK_fam_allocation_int=\count197
\l__xeCJK_verb_case_int=\count198
.................................................
. LaTeX info: "xparse/define-command"
. 
. Defining command \xeCJKVerbAddon with sig. '' on line 3515.
.................................................
.................................................
. LaTeX info: "xparse/define-command"
. 
. Defining command \xeCJKOffVerbAddon with sig. '' on line 3519.
.................................................
\l__xeCJK_verb_exspace_skip=\skip59
 (/usr/local/texlive/2017/texmf-dist/tex/latex/fontspec/fontspec.sty
Package: fontspec 2017/03/31 v2.6a Font selection for XeLaTeX and LuaLaTeX

(/usr/local/texlive/2017/texmf-dist/tex/latex/fontspec/fontspec-xetex.sty
Package: fontspec-xetex 2017/03/31 v2.6a Font selection for XeLaTeX and LuaLaTe
X
\l__fontspec_script_int=\count199
\l__fontspec_language_int=\count266
\l__fontspec_strnum_int=\count267
\l__fontspec_tmp_int=\count268
\l__fontspec_em_int=\count269
\l__fontspec_emdef_int=\count270
\l__fontspec_strong_int=\count271
\l__fontspec_strongdef_int=\count272
\l__fontspec_tmpa_dim=\dimen299
\l__fontspec_tmpb_dim=\dimen300
\l__fontspec_tmpc_dim=\dimen301

(/usr/local/texlive/2017/texmf-dist/tex/latex/base/fontenc.sty
Package: fontenc 2017/04/05 v2.0i Standard LaTeX package

(/usr/local/texlive/2017/texmf-dist/tex/latex/base/tuenc.def
File: tuenc.def 2017/04/05 v2.0i Standard LaTeX file
LaTeX Font Info:    Redeclaring font encoding TU on input line 82.
))
.................................................
. LaTeX info: "xparse/define-command"
. 
. Defining command \fontspec with sig. 'O{}mO{}' on line 472.
.................................................
.................................................
. LaTeX info: "xparse/define-command"
. 
. Defining command \setmainfont with sig. 'O{}mO{}' on line 483.
.................................................
.................................................
. LaTeX info: "xparse/define-command"
. 
. Defining command \setsansfont with sig. 'O{}mO{}' on line 503.
.................................................
.................................................
. LaTeX info: "xparse/define-command"
. 
. Defining command \setmonofont with sig. 'O{}mO{}' on line 523.
.................................................
.................................................
. LaTeX info: "xparse/define-command"
. 
. Defining command \setromanfont with sig. 'O{}mO{}' on line 543.
.................................................
.................................................
. LaTeX info: "xparse/define-command"
. 
. Defining command \setmathrm with sig. 'O{}mO{}' on line 547.
.................................................
.................................................
. LaTeX info: "xparse/define-command"
. 
. Defining command \setboldmathrm with sig. 'O{}mO{}' on line 555.
.................................................
.................................................
. LaTeX info: "xparse/define-command"
. 
. Defining command \setmathsf with sig. 'O{}mO{}' on line 563.
.................................................
.................................................
. LaTeX info: "xparse/define-command"
. 
. Defining command \setmathtt with sig. 'O{}mO{}' on line 571.
.................................................
.................................................
. LaTeX info: "xparse/define-command"
. 
. Defining command \newfontfamily with sig. 'mO{}mO{}' on line 586.
.................................................
.................................................
. LaTeX info: "xparse/define-command"
. 
. Defining command \newfontface with sig. 'mO{}mO{}' on line 603.
.................................................
.................................................
. LaTeX info: "xparse/define-command"
. 
. Defining command \defaultfontfeatures with sig. 't+om' on line 614.
.................................................
.................................................
. LaTeX info: "xparse/define-command"
. 
. Defining command \addfontfeatures with sig. 'm' on line 645.
.................................................
.................................................
. LaTeX info: "xparse/define-command"
. 
. Defining command \newfontfeature with sig. 'mm' on line 672.
.................................................
.................................................
. LaTeX info: "xparse/define-command"
. 
. Defining command \newAATfeature with sig. 'mmmm' on line 686.
.................................................
.................................................
. LaTeX info: "xparse/define-command"
. 
. Defining command \newopentypefeature with sig. 'mmm' on line 700.
.................................................
.................................................
. LaTeX info: "xparse/define-command"
. 
. Defining command \newICUfeature with sig. 'mmm' on line 720.
.................................................
.................................................
. LaTeX info: "xparse/define-command"
. 
. Defining command \aliasfontfeature with sig. 'mm' on line 724.
.................................................
.................................................
. LaTeX info: "xparse/define-command"
. 
. Defining command \aliasfontfeatureoption with sig. 'mmm' on line 745.
.................................................
.................................................
. LaTeX info: "xparse/define-command"
. 
. Defining command \newfontscript with sig. 'mm' on line 778.
.................................................
.................................................
. LaTeX info: "xparse/define-command"
. 
. Defining command \newfontlanguage with sig. 'mm' on line 782.
.................................................
.................................................
. LaTeX info: "xparse/define-command"
. 
. Defining command \DeclareFontsExtensions with sig. 'm' on line 786.
.................................................
.................................................
. LaTeX info: "xparse/define-command"
. 
. Defining command \IfFontFeatureActiveTF with sig. 'mmm' on line 797.
.................................................
.................................................
. LaTeX info: "xparse/define-command"
. 
. Defining command \EncodingCommand with sig. 'mO{}m' on line 3438.
.................................................
.................................................
. LaTeX info: "xparse/define-command"
. 
. Defining command \EncodingAccent with sig. 'mm' on line 3444.
.................................................
.................................................
. LaTeX info: "xparse/define-command"
. 
. Defining command \EncodingSymbol with sig. 'mm' on line 3450.
.................................................
.................................................
. LaTeX info: "xparse/define-command"
. 
. Defining command \EncodingComposite with sig. 'mmm' on line 3456.
.................................................
.................................................
. LaTeX info: "xparse/define-command"
. 
. Defining command \EncodingCompositeCommand with sig. 'mmm' on line 3462.
.................................................
.................................................
. LaTeX info: "xparse/define-command"
. 
. Defining command \DeclareUnicodeEncoding with sig. 'mm' on line 3487.
.................................................
.................................................
. LaTeX info: "xparse/define-command"
. 
. Defining command \UndeclareSymbol with sig. 'm' on line 3493.
.................................................
.................................................
. LaTeX info: "xparse/define-command"
. 
. Defining command \UndeclareComposite with sig. 'mm' on line 3501.
.................................................

(/usr/local/texlive/2017/texmf-dist/tex/latex/fontspec/fontspec.cfg)
LaTeX Info: Redefining \itshape on input line 3686.
LaTeX Info: Redefining \slshape on input line 3691.
LaTeX Info: Redefining \scshape on input line 3696.
LaTeX Info: Redefining \upshape on input line 3701.
LaTeX Info: Redefining \em on input line 3731.
LaTeX Info: Redefining \emph on input line 3756.
LaTeX Info: Redefining \- on input line 3807.
.................................................
. LaTeX info: "xparse/redefine-command"
. 
. Redefining command \oldstylenums with sig. 'm' on line 3902.
.................................................
.................................................
. LaTeX info: "xparse/define-command"
. 
. Defining command \liningnums with sig. 'm' on line 3906.
.................................................
))
(/usr/local/texlive/2017/texmf-dist/tex/xelatex/xecjk/xunicode-addon.sty
Package: xunicode-addon 2017/05/15 v3.4.8 addon file for xunicode

(/usr/local/texlive/2017/texmf-dist/tex/xelatex/xunicode/xunicode.sty
File: xunicode.sty 2011/09/09 v0.981 provides access to latin accents and many 
other characters in Unicode lower plane

(/usr/local/texlive/2017/texmf-dist/tex/latex/tipa/t3enc.def
File: t3enc.def 2001/12/31 T3 encoding
)
\tipaTiiicode=\count273
\tipasavetokens=\toks37
\tipachecktokens=\toks38
)
.................................................
. LaTeX info: "xparse/redefine-command"
. 
. Redefining command \ReloadXunicode with sig. 'm' on line 84.
.................................................
.................................................
. LaTeX info: "xparse/redefine-command"
. 
. Redefining command \DeclareUTFmathsymbols with sig. 'm' on line 129.
.................................................
.................................................
. LaTeX info: "xparse/redefine-command"
. 
. Redefining command \UseMathAsText with sig. '' on line 138.
.................................................
.................................................
. LaTeX info: "xparse/redefine-command"
. 
. Redefining command \UndeclareUTFcharacter with sig. 'O{\UTFencname }mm' on
. line 173.
.................................................
.................................................
. LaTeX info: "xparse/redefine-command"
. 
. Redefining command \UndeclareUTFcomposite with sig. 'O{\UTFencname }mmm' on
. line 180.
.................................................
.................................................
. LaTeX info: "xparse/redefine-command"
. 
. Redefining command \DeclareUTFcharacter with sig. 'O{\UTFencname }mm' on
. line 207.
.................................................
.................................................
. LaTeX info: "xparse/define-command"
. 
. Defining command \DeclareUTFSymbol with sig. 'mO{\UTFencname }m' on line
. 233.
.................................................
.................................................
. LaTeX info: "xparse/define-command"
. 
. Defining command \DeclareUTFCommand with sig. 'mO{\UTFencname }m' on line
. 235.
.................................................
.................................................
. LaTeX info: "xparse/redefine-command"
. 
. Redefining command \DeclareUTFcomposite with sig. 'O{\UTFencname }mmm' on
. line 278.
.................................................
.................................................
. LaTeX info: "xparse/define-command"
. 
. Defining command \DeclareUTFCompositeCommand with sig. 'mO{\UTFencname }mm'
. on line 291.
.................................................
.................................................
. LaTeX info: "xparse/define-command"
. 
. Defining command \DeclareUTFCompositeSymbol with sig. 'mO{\UTFencname }mm'
. on line 296.
.................................................
.................................................
. LaTeX info: "xparse/define-command"
. 
. Defining command \DeclareUTFComposite with sig. 'mO{\UTFencname }' on line
. 298.
.................................................
.................................................
. LaTeX info: "xparse/define-command"
. 
. Defining command \DeclareUTFEncodedAccent with sig. 'mO{\UTFencname }mm' on
. line 300.
.................................................
.................................................
. LaTeX info: "xparse/define-command"
. 
. Defining command \DeclareUTFEncodedAccents with sig. 'mO{\UTFencname }mm' on
. line 302.
.................................................
.................................................
. LaTeX info: "xparse/define-command"
. 
. Defining command \DeclareUTFEncodedSymbol with sig. 'mO{\UTFencname }mm' on
. line 304.
.................................................
.................................................
. LaTeX info: "xparse/define-command"
. 
. Defining command \DeclareUTFEncodedCircle with sig. 'mO{\UTFencname }mm' on
. line 306.
.................................................
.................................................
. LaTeX info: "xparse/redefine-command"
. 
. Redefining command \DeclareEncodedCompositeCharacter with sig. 'mmmm' on
. line 308.
.................................................
.................................................
. LaTeX info: "xparse/redefine-command"
. 
. Redefining command \DeclareEncodedCompositeAccents with sig. 'mmmm' on line
. 310.
.................................................
.................................................
. LaTeX info: "xparse/define-command"
. 
. Defining command \DeclareUTFDoubleEncodedAccent with sig. 'mO{\UTFencname
. }mm' on line 312.
.................................................
.................................................
. LaTeX info: "xparse/define-command"
. 
. Defining command \DeclareUTFDoubleEncodedSymbol with sig. 'mO{\UTFencname
. }mm' on line 314.
.................................................
\l__xunadd_tmp_coffin=\box97
\l__xunadd_circle_coffin=\box98
.................................................
. LaTeX info: "xparse/define-command"
. 
. Defining command \settextcircledratio with sig. 'm' on line 465.
.................................................
.................................................
. LaTeX info: "xparse/define-command"
. 
. Defining command \AtBeginUTFCommand with sig. 'sO{}+m' on line 534.
.................................................
.................................................
. LaTeX info: "xparse/define-command"
. 
. Defining command \AtEndUTFCommand with sig. 'sO{}+m' on line 544.
.................................................
.................................................
. LaTeX info: "xparse/define-command"
. 
. Defining command \DeclareUTFTIPACommand with sig. 'O{\UTFencname }m' on line
. 576.
.................................................
)
(/usr/local/texlive/2017/texmf-dist/tex/xelatex/xunicode/xunicode.sty
File: xunicode.sty 2011/09/09 v0.981 provides access to latin accents and many 
other characters in Unicode lower plane

*** Reloading Xunicode for encoding 'TU' ***
) (/usr/local/texlive/2017/texmf-dist/tex/xelatex/xecjk/xunicode-extra.def
File: xunicode-extra.def 2017/05/15 v3.4.8 extra definition for xunicode
)
.................................................
. LaTeX info: "xparse/define-command"
. 
. Defining command \xeCJKsetup with sig. '+m' on line 3820.
.................................................
.................................................
. LaTeX info: "xparse/define-command"
. 
. Defining command \xeCJKsetemboldenfactor with sig. 'm' on line 3822.
.................................................
.................................................
. LaTeX info: "xparse/define-command"
. 
. Defining command \xeCJKsetslantfactor with sig. 'm' on line 3824.
.................................................
.................................................
. LaTeX info: "xparse/define-command"
. 
. Defining command \punctstyle with sig. 'm' on line 3825.
.................................................
.................................................
. LaTeX info: "xparse/define-command"
. 
. Defining command \xeCJKplainchr with sig. '' on line 3826.
.................................................
.................................................
. LaTeX info: "xparse/define-command"
. 
. Defining command \CJKsetecglue with sig. 'm' on line 3827.
.................................................
.................................................
. LaTeX info: "xparse/define-command"
. 
. Defining command \CJKspace with sig. '' on line 3829.
.................................................
.................................................
. LaTeX info: "xparse/define-command"
. 
. Defining command \CJKnospace with sig. '' on line 3830.
.................................................
.................................................
. LaTeX info: "xparse/define-command"
. 
. Defining command \xeCJKallowbreakbetweenpuncts with sig. '' on line 3832.
.................................................
.................................................
. LaTeX info: "xparse/define-command"
. 
. Defining command \xeCJKnobreakbetweenpuncts with sig. '' on line 3834.
.................................................
.................................................
. LaTeX info: "xparse/define-command"
. 
. Defining command \xeCJKenablefallback with sig. '' on line 3836.
.................................................
.................................................
. LaTeX info: "xparse/define-command"
. 
. Defining command \xeCJKdisablefallback with sig. '' on line 3838.
.................................................
.................................................
. LaTeX info: "xparse/define-command"
. 
. Defining command \xeCJKsetcharclass with sig. 'mmm' on line 3843.
.................................................
.................................................
. LaTeX info: "xparse/redefine-command"
. 
. Redefining command \nobreakspace with sig. '' on line 3989.
.................................................
.................................................
. LaTeX info: "xparse/redefine-command"
. 
. Redefining command \fontfamily with sig. 'm' on line 4029.
.................................................

(/usr/local/texlive/2017/texmf-dist/tex/xelatex/xecjk/xeCJK.cfg
File: xeCJK.cfg 2017/05/15 v3.4.8 Configuration file for xeCJK package
))
(/usr/local/texlive/2017/texmf-dist/tex/xelatex/xecjk/xeCJKfntef.sty
Package: xeCJKfntef 2017/05/15 v3.4.8 xeCJK font effect

(/usr/local/texlive/2017/texmf-dist/tex/generic/ulem/ulem.sty
\UL@box=\box99
\UL@hyphenbox=\box100
\UL@skip=\skip60
\UL@hook=\toks39
\UL@height=\dimen302
\UL@pe=\count274
\UL@pixel=\dimen303
\ULC@box=\box101
Package: ulem 2012/05/18
\ULdepth=\dimen304
)
(/usr/local/texlive/2017/texmf-dist/tex/latex/cjk/texinput/CJKfntef.sty
Package: CJKfntef 2015/04/18 4.8.4
\CJK@fntefSkip=\skip61
\CJK@nest=\count275
\CJK@fntefDimen=\dimen305
\CJK@underdotBox=\box102
\CJK@ULbox=\box103
\CJK@underanyskip=\dimen306
)
\l__xeCJK_space_skip=\skip62
\c__xeCJK_ulem-begin_node_dim=\dimen307
\c__xeCJK_null_box=\box104
.................................................
. LaTeX info: "xparse/define-command"
. 
. Defining command \xeCJKfntefon with sig. 'st-so' on line 614.
.................................................
.................................................
. LaTeX info: "xparse/redefine-command"
. 
. Redefining command \CJKunderline with sig. 'st-so' on line 630.
.................................................
.................................................
. LaTeX info: "xparse/redefine-command"
. 
. Redefining command \varCJKunderline with sig. '' on line 632.
.................................................
.................................................
. LaTeX info: "xparse/redefine-command"
. 
. Redefining command \CJKunderwave with sig. 'st-so' on line 642.
.................................................
.................................................
. LaTeX info: "xparse/redefine-command"
. 
. Redefining command \CJKunderdblline with sig. 'st-so' on line 666.
.................................................
.................................................
. LaTeX info: "xparse/redefine-command"
. 
. Redefining command \CJKsout with sig. 'st-so' on line 685.
.................................................
.................................................
. LaTeX info: "xparse/redefine-command"
. 
. Redefining command \CJKxout with sig. 'st-so' on line 702.
.................................................
.................................................
. LaTeX info: "xparse/redefine-command"
. 
. Redefining command \CJKunderanyline with sig. 'st-somm' on line 723.
.................................................
\l__xeCJK_fntef_box=\box105
.................................................
. LaTeX info: "xparse/redefine-command"
. 
. Redefining command \CJKunderanysymbol with sig. 'ommm' on line 903.
.................................................
.................................................
. LaTeX info: "xparse/redefine-command"
. 
. Redefining command \CJKunderdot with sig. 'om' on line 912.
.................................................
\l__xeCJK_under_symbol_box=\box106
.................................................
. LaTeX info: "xparse/redefine-environment"
. 
. Redefining environment 'CJKfilltwosides' with sig. 'O{c}m' on line 1016.
.................................................
\c__xeCJK_filll_skip=\skip63
)
\ccwd=\dimen308
\l__ctex_ccglue_skip=\skip64
)
.................................................
. LaTeX info: "xparse/define-command"
. 
. Defining command \ctexset with sig. '' on line 376.
.................................................
.................................................
. LaTeX info: "xparse/define-command"
. 
. Defining command \CTEXsetup with sig. '+o>{\TrimSpaces }m' on line 382.
.................................................
.................................................
. LaTeX info: "xparse/define-command"
. 
. Defining command \CTEXoptions with sig. '+o' on line 388.
.................................................
.................................................
. LaTeX info: "xparse/define-command"
. 
. Defining command \CTEXsetfont with sig. '' on line 406.
.................................................
.................................................
. LaTeX info: "xparse/define-command"
. 
. Defining command \ziju with sig. 'm' on line 478.
.................................................
\l__ctex_ziju_dim=\dimen309
.................................................
. LaTeX info: "xparse/define-command"
. 
. Defining command \CTEXindent with sig. '' on line 519.
.................................................
.................................................
. LaTeX info: "xparse/define-command"
. 
. Defining command \CTEXnoindent with sig. '' on line 525.
.................................................

(/usr/local/texlive/2017/texmf-dist/tex/latex/zhnumber/zhnumber.sty
Package: zhnumber 2016/05/14 v2.4 Typesetting numbers with Chinese glyphs
.................................................
. LaTeX info: "xparse/define-command"
. 
. Defining command \zhnumber with sig. '+o+m' on line 50.
.................................................
.................................................
. LaTeX info: "xparse/define-command"
. 
. Defining command \zhnumberwithoptions with sig. '+m+m' on line 57.
.................................................
.................................................
. LaTeX info: "xparse/define-command"
. 
. Defining command \zhnum with sig. '+o+m' on line 111.
.................................................
.................................................
. LaTeX info: "xparse/define-command"
. 
. Defining command \zhnumwithoptions with sig. '+m+m' on line 118.
.................................................
.................................................
. LaTeX info: "xparse/define-command"
. 
. Defining command \zhdig with sig. '+o+m' on line 297.
.................................................
.................................................
. LaTeX info: "xparse/define-command"
. 
. Defining command \zhdigwithoptions with sig. '+m+m' on line 304.
.................................................
.................................................
. LaTeX info: "xparse/define-command"
. 
. Defining command \zhdigits with sig. '+s+o+m' on line 318.
.................................................
.................................................
. LaTeX info: "xparse/define-command"
. 
. Defining command \zhdigitswithoptions with sig. '+m+m+m' on line 325.
.................................................
.................................................
. LaTeX info: "xparse/define-command"
. 
. Defining command \zhdate with sig. '+s+m' on line 384.
.................................................
\l__zhnum_scale_int=\count276
.................................................
. LaTeX info: "xparse/define-command"
. 
. Defining command \zhnumExtendScaleMap with sig. '>{\TrimSpaces }+o+m' on
. line 506.
.................................................
.................................................
. LaTeX info: "xparse/define-command"
. 
. Defining command \zhnumsetup with sig. '+m' on line 938.
.................................................

(/usr/local/texlive/2017/texmf-dist/tex/latex/zhnumber/zhnumber-utf8.cfg
File: zhnumber-utf8.cfg 2016/05/14 v2.4 Chinese numerals with UTF8 encoding
))
.................................................
. LaTeX info: "xparse/define-command"
. 
. Defining command \CTEXnumber with sig. 'mm' on line 542.
.................................................
.................................................
. LaTeX info: "xparse/define-command"
. 
. Defining command \CTEXdigits with sig. 'mm' on line 544.
.................................................

(/usr/local/texlive/2017/texmf-dist/tex/latex/ctex/scheme/ctex-scheme-chinese.d
ef
File: ctex-scheme-chinese.def 2017/04/01 v2.4.9 Chinese scheme for generic (CTE
X)
 (/usr/local/texlive/2017/texmf-dist/tex/latex/ctex/config/ctex-name-utf8.cfg
File: ctex-name-utf8.cfg 2017/04/01 v2.4.9 Caption with encoding UTF8 (CTEX)
)) (/usr/local/texlive/2017/texmf-dist/tex/latex/tools/indentfirst.sty
Package: indentfirst 1995/11/23 v1.03 Indent first paragraph (DPC)
)
.................................................
. LaTeX info: "xparse/define-command"
. 
. Defining command \zihao with sig. 'm' on line 641.
.................................................
.................................................
. LaTeX info: "xparse/define-command"
. 
. Defining command \CTeX with sig. '' on line 745.
.................................................

(/usr/local/texlive/2017/texmf-dist/tex/latex/ctex/fontset/ctex-fontset-fandol.
def
File: ctex-fontset-fandol.def 2017/04/01 v2.4.9 Fandol fonts definition (CTEX)

*************************************************
* fontspec warning: "script-not-exist"
* 
* Font 'FandolSong-Regular' does not contain script 'CJK'.
*************************************************
\g__fontspec_family_FandolSong-Regular_int=\count277
.................................................
. fontspec info: "defining-font"
. 
. Font family 'FandolSong-Regular(0)' created for font 'FandolSong-Regular'
. with options
. [Script={CJK},Extension={.otf},BoldFont={FandolSong-Bold},ItalicFont={FandolK
ai-Regular}].
.  
.  This font family consists of the following NFSS series/shapes:
.  
. - 'normal' (m/n) with NFSS spec.: <->"[FandolSong-Regular.otf]/OT"
. - 'small caps'  (m/sc) with NFSS spec.: 
. - 'bold' (bx/n) with NFSS spec.: <->"[FandolSong-Bold.otf]/OT"
. - 'bold small caps'  (bx/sc) with NFSS spec.: 
. - 'italic' (m/it) with NFSS spec.: <->"[FandolKai-Regular.otf]/OT"
. - 'italic small caps'  (m/itsc) with NFSS spec.: 
.................................................
.................................................
. LaTeX info: "xparse/define-command"
. 
. Defining command \songti with sig. '' on line 110.
.................................................
.................................................
. LaTeX info: "xparse/define-command"
. 
. Defining command \heiti with sig. '' on line 111.
.................................................
.................................................
. LaTeX info: "xparse/define-command"
. 
. Defining command \fangsong with sig. '' on line 112.
.................................................
.................................................
. LaTeX info: "xparse/define-command"
. 
. Defining command \kaishu with sig. '' on line 113.
.................................................
)) (/usr/local/texlive/2017/texmf-dist/tex/latex/ctex/config/ctex.cfg
File: ctex.cfg 2017/04/01 v2.4.9 Configuration file (CTEX)
)
(/usr/local/texlive/2017/texmf-dist/tex/latex/extarrows/extarrows.sty
Package: extarrows 2008/05/15 v1.0b Some extensible arrows
)
(/usr/local/texlive/2017/texmf-dist/tex/latex/animate/animate.sty
Package: animate 2017/05/18 PDF animations from files and inline graphics

(/usr/local/texlive/2017/texmf-dist/tex/latex/xkeyval/xkeyval.sty
Package: xkeyval 2014/12/03 v2.7a package option processing (HA)

(/usr/local/texlive/2017/texmf-dist/tex/generic/xkeyval/xkeyval.tex
(/usr/local/texlive/2017/texmf-dist/tex/generic/xkeyval/xkvutils.tex
\XKV@toks=\toks40
\XKV@tempa@toks=\toks41
)
\XKV@depth=\count278
File: xkeyval.tex 2014/12/03 v2.7a key=value parser (HA)
))
(/usr/local/texlive/2017/texmf-dist/tex/latex/base/ifthen.sty
Package: ifthen 2014/09/29 v1.1c Standard LaTeX ifthen package (DPC)
)
(/usr/local/texlive/2017/texmf-dist/tex/latex/oberdiek/ifdraft.sty
Package: ifdraft 2016/05/16 v1.4 Detect class options draft and final (HO)
)
(/usr/local/texlive/2017/texmf-dist/tex/latex/tools/calc.sty
Package: calc 2014/10/28 v4.3 Infix arithmetic (KKT,FJ)
\calc@Acount=\count279
\calc@Bcount=\count280
\calc@Adimen=\dimen310
\calc@Bdimen=\dimen311
\calc@Askip=\skip65
\calc@Bskip=\skip66
LaTeX Info: Redefining \setlength on input line 80.
LaTeX Info: Redefining \addtolength on input line 81.
\calc@Ccount=\count281
\calc@Cskip=\skip67
)
(/usr/local/texlive/2017/texmf-dist/tex/latex/media9/pdfbase.sty
Package: pdfbase 2017/03/23 v0.14 driver independent access to low-level PDF fe
atures
\g_pbs_page_int=\count282
\g_pbs_obj_int=\count283
\g_pbs_oc_int=\count284
)
(/usr/local/texlive/2017/texmf-dist/tex/latex/ocgx2/ocgbase.sty
Package: ocgbase 2017/03/30 v0.10 support package for ocgx2.sty
)
\@anim@box=\box107
\@anim@measbox=\box108
\@anim@tmpdima=\dimen312
\@anim@tmpdimb=\dimen313
\@anim@num=\count285
\@anim@curframe=\count286
\@anim@curframe@zb=\count287
\@anim@resizeflags=\count288
\@anim@skipfram=\count289
\@anim@mulframecnt=\count290
\@anim@@tmlnfile=\read4
\@anim@tmpcnt=\count291
\c@@anim@ltxcnt=\count292
\@anim@curlayer=\count293
\@anim@lineno=\count294
\@anim@curfield=\count295
\@anim@@resizeflags=\count296
)
(/usr/local/texlive/2017/texmf-dist/tex/latex/tools/dcolumn.sty
Package: dcolumn 2014/10/28 v1.06 decimal alignment package (DPC)

(/usr/local/texlive/2017/texmf-dist/tex/latex/tools/array.sty
Package: array 2016/10/06 v2.4d Tabular extension package (FMi)
\col@sep=\dimen314
\extrarowheight=\dimen315
\NC@list=\toks42
\extratabsurround=\skip68
\backup@length=\skip69
))
(/usr/local/texlive/2017/texmf-dist/tex/generic/pgf/frontendlayer/tikz/librarie
s/tikzlibrarycalc.code.tex
File: tikzlibrarycalc.code.tex 2013/07/15 v3.0.1a (rcs-revision 1.9)
)
(/usr/local/texlive/2017/texmf-dist/tex/generic/pgf/frontendlayer/tikz/librarie
s/tikzlibraryarrows.code.tex
File: tikzlibraryarrows.code.tex 2008/01/09 v3.0.1a (rcs-revision 1.1)

(/usr/local/texlive/2017/texmf-dist/tex/generic/pgf/libraries/pgflibraryarrows.
code.tex
File: pgflibraryarrows.code.tex 2013/09/23 v3.0.1a (rcs-revision 1.16)
\arrowsize=\dimen316
))
(/usr/local/texlive/2017/texmf-dist/tex/generic/pgf/frontendlayer/tikz/librarie
s/tikzlibrarysnakes.code.tex
File: tikzlibrarysnakes.code.tex 2013/07/15 v3.0.1a (rcs-revision 1.7)


Package pgf Warning: Snakes have been superseded by decorations. Please use the
 decoration libraries instead of the snakes library on input line 14.


(/usr/local/texlive/2017/texmf-dist/tex/generic/pgf/frontendlayer/tikz/librarie
s/tikzlibrarydecorations.pathmorphing.code.tex
(/usr/local/texlive/2017/texmf-dist/tex/generic/pgf/frontendlayer/tikz/librarie
s/tikzlibrarydecorations.code.tex
(/usr/local/texlive/2017/texmf-dist/tex/generic/pgf/modules/pgfmoduledecoration
s.code.tex
\pgfdecoratedcompleteddistance=\dimen317
\pgfdecoratedremainingdistance=\dimen318
\pgfdecoratedinputsegmentcompleteddistance=\dimen319
\pgfdecoratedinputsegmentremainingdistance=\dimen320
\pgf@decorate@distancetomove=\dimen321
\pgf@decorate@repeatstate=\count297
\pgfdecorationsegmentamplitude=\dimen322
\pgfdecorationsegmentlength=\dimen323
)
\tikz@lib@dec@box=\box109
)
(/usr/local/texlive/2017/texmf-dist/tex/generic/pgf/libraries/decorations/pgfli
brarydecorations.pathmorphing.code.tex))
(/usr/local/texlive/2017/texmf-dist/tex/generic/pgf/frontendlayer/tikz/librarie
s/tikzlibrarydecorations.pathreplacing.code.tex
(/usr/local/texlive/2017/texmf-dist/tex/generic/pgf/libraries/decorations/pgfli
brarydecorations.pathreplacing.code.tex))
(/usr/local/texlive/2017/texmf-dist/tex/generic/pgf/frontendlayer/tikz/librarie
s/tikzlibrarydecorations.shapes.code.tex
(/usr/local/texlive/2017/texmf-dist/tex/generic/pgf/libraries/decorations/pgfli
brarydecorations.shapes.code.tex)))
(/usr/local/texlive/2017/texmf-dist/tex/generic/pgf/frontendlayer/tikz/librarie
s/tikzlibrarybackgrounds.code.tex
File: tikzlibrarybackgrounds.code.tex 2013/07/18 v3.0.1a (rcs-revision 1.3)
\pgf@layerbox@background=\box110
\pgf@layerboxsaved@background=\box111
)
(/usr/local/texlive/2017/texmf-dist/tex/generic/pgf/frontendlayer/tikz/librarie
s/tikzlibraryshapes.code.tex
File: tikzlibraryshapes.code.tex 2008/01/09 v3.0.1a (rcs-revision 1.1)

(/usr/local/texlive/2017/texmf-dist/tex/generic/pgf/frontendlayer/tikz/librarie
s/tikzlibraryshapes.geometric.code.tex
File: tikzlibraryshapes.geometric.code.tex 2008/01/09 v3.0.1a (rcs-revision 1.1
)

(/usr/local/texlive/2017/texmf-dist/tex/generic/pgf/libraries/shapes/pgflibrary
shapes.geometric.code.tex
File: pgflibraryshapes.geometric.code.tex 2008/06/26 v3.0.1a (rcs-revision 1.1)

))
(/usr/local/texlive/2017/texmf-dist/tex/generic/pgf/frontendlayer/tikz/librarie
s/tikzlibraryshapes.misc.code.tex
File: tikzlibraryshapes.misc.code.tex 2008/01/09 v3.0.1a (rcs-revision 1.1)

(/usr/local/texlive/2017/texmf-dist/tex/generic/pgf/libraries/shapes/pgflibrary
shapes.misc.code.tex
File: pgflibraryshapes.misc.code.tex 2013/07/18 v3.0.1a (rcs-revision 1.5)
))
(/usr/local/texlive/2017/texmf-dist/tex/generic/pgf/frontendlayer/tikz/librarie
s/tikzlibraryshapes.symbols.code.tex
File: tikzlibraryshapes.symbols.code.tex 2008/01/09 v3.0.1a (rcs-revision 1.1)

(/usr/local/texlive/2017/texmf-dist/tex/generic/pgf/libraries/shapes/pgflibrary
shapes.symbols.code.tex
File: pgflibraryshapes.symbols.code.tex 2013/09/11 v3.0.1a (rcs-revision 1.6)
))
(/usr/local/texlive/2017/texmf-dist/tex/generic/pgf/frontendlayer/tikz/librarie
s/tikzlibraryshapes.arrows.code.tex
File: tikzlibraryshapes.arrows.code.tex 2008/01/09 v3.0.1a (rcs-revision 1.1)

(/usr/local/texlive/2017/texmf-dist/tex/generic/pgf/libraries/shapes/pgflibrary
shapes.arrows.code.tex
File: pgflibraryshapes.arrows.code.tex 2008/06/26 v3.0.1a (rcs-revision 1.1)
))
(/usr/local/texlive/2017/texmf-dist/tex/generic/pgf/frontendlayer/tikz/librarie
s/tikzlibraryshapes.callouts.code.tex
(/usr/local/texlive/2017/texmf-dist/tex/generic/pgf/libraries/shapes/pgflibrary
shapes.callouts.code.tex))
(/usr/local/texlive/2017/texmf-dist/tex/generic/pgf/frontendlayer/tikz/librarie
s/tikzlibraryshapes.multipart.code.tex
File: tikzlibraryshapes.multipart.code.tex 2008/01/09 v3.0.1a (rcs-revision 1.1
)

(/usr/local/texlive/2017/texmf-dist/tex/generic/pgf/libraries/shapes/pgflibrary
shapes.multipart.code.tex
File: pgflibraryshapes.multipart.code.tex 2010/01/07 v3.0.1a (rcs-revision 1.2)

\pgfnodepartlowerbox=\box112
\pgfnodeparttwobox=\box113
\pgfnodepartthreebox=\box114
\pgfnodepartfourbox=\box115
\pgfnodeparttwentybox=\box116
\pgfnodepartnineteenbox=\box117
\pgfnodeparteighteenbox=\box118
\pgfnodepartseventeenbox=\box119
\pgfnodepartsixteenbox=\box120
\pgfnodepartfifteenbox=\box121
\pgfnodepartfourteenbox=\box122
\pgfnodepartthirteenbox=\box123
\pgfnodeparttwelvebox=\box124
\pgfnodepartelevenbox=\box125
\pgfnodeparttenbox=\box126
\pgfnodepartninebox=\box127
\pgfnodeparteightbox=\box128
\pgfnodepartsevenbox=\box129
\pgfnodepartsixbox=\box130
\pgfnodepartfivebox=\box131
)))
(/usr/local/texlive/2017/texmf-dist/tex/generic/pgf/frontendlayer/tikz/librarie
s/tikzlibrarypatterns.code.tex
File: tikzlibrarypatterns.code.tex 2008/01/15 v3.0.1a (rcs-revision 1.2)

(/usr/local/texlive/2017/texmf-dist/tex/generic/pgf/libraries/pgflibrarypattern
s.code.tex
File: pgflibrarypatterns.code.tex 2008/03/03 v3.0.1a (rcs-revision 1.13)
))
(/usr/local/texlive/2017/texmf-dist/tex/generic/pgf/frontendlayer/tikz/librarie
s/tikzlibrarymatrix.code.tex
File: tikzlibrarymatrix.code.tex 2013/07/12 v3.0.1a (rcs-revision 1.4)
)
(/usr/local/texlive/2017/texmf-dist/tex/generic/pgf/frontendlayer/tikz/librarie
s/tikzlibraryfit.code.tex
File: tikzlibraryfit.code.tex 2013/07/12 v3.0.1a (rcs-revision 1.5)
)
(/usr/local/texlive/2017/texmf-dist/tex/generic/pgf/frontendlayer/tikz/librarie
s/tikzlibrarypositioning.code.tex
File: tikzlibrarypositioning.code.tex 2008/10/06 v3.0.1a (rcs-revision 1.7)
)
(/usr/local/texlive/2017/texmf-dist/tex/latex/listings/lstlang1.sty
File: lstlang1.sty 2015/06/04 1.6 listings language file
))
(../asset/global_newenviroment.tex
.................................................
. LaTeX info: "xparse/define-environment"
. 
. Defining environment 'testexample' with sig. ' O{} ' on line 28.
.................................................
)
(/usr/local/texlive/2017/texmf-dist/tex/xelatex/xecjk/xeCJK-listings.sty
Package: xeCJK-listings 2017/05/15 v3.4.8 xeCJK patch file for listings
\l__xeCJK_listings_max_char_int=\count298
\l__xeCJK_listings_flag_int=\count299
)
(./lec.aux)
\openout1 = `lec.aux'.

LaTeX Font Info:    Checking defaults for OML/cmm/m/it on input line 13.
LaTeX Font Info:    ... okay on input line 13.
LaTeX Font Info:    Checking defaults for T1/cmr/m/n on input line 13.
LaTeX Font Info:    ... okay on input line 13.
LaTeX Font Info:    Checking defaults for OT1/cmr/m/n on input line 13.
LaTeX Font Info:    ... okay on input line 13.
LaTeX Font Info:    Checking defaults for OMS/cmsy/m/n on input line 13.
LaTeX Font Info:    ... okay on input line 13.
LaTeX Font Info:    Checking defaults for TU/lmr/m/n on input line 13.
LaTeX Font Info:    ... okay on input line 13.
LaTeX Font Info:    Checking defaults for OMX/cmex/m/n on input line 13.
LaTeX Font Info:    ... okay on input line 13.
LaTeX Font Info:    Checking defaults for U/cmr/m/n on input line 13.
LaTeX Font Info:    ... okay on input line 13.
LaTeX Font Info:    Checking defaults for TS1/cmr/m/n on input line 13.
LaTeX Font Info:    ... okay on input line 13.
LaTeX Font Info:    Checking defaults for T3/cmr/m/n on input line 13.
LaTeX Font Info:    Try loading font information for T3+cmr on input line 13.
 (/usr/local/texlive/2017/texmf-dist/tex/latex/tipa/t3cmr.fd
File: t3cmr.fd 2001/12/31 TIPA font definitions
)
LaTeX Font Info:    ... okay on input line 13.

*geometry* driver: auto-detecting
*geometry* detected driver: xetex
*geometry* verbose mode - [ preamble ] result:
* driver: xetex
* paper: a4paper
* layout: <same size as paper>
* layoutoffset:(h,v)=(0.0pt,0.0pt)
* modes: 
* h-part:(L,W,R)=(71.13188pt, 455.24411pt, 71.13188pt)
* v-part:(T,H,B)=(71.13188pt, 702.78308pt, 71.13188pt)
* \paperwidth=597.50787pt
* \paperheight=845.04684pt
* \textwidth=455.24411pt
* \textheight=702.78308pt
* \oddsidemargin=-1.1381pt
* \evensidemargin=-1.1381pt
* \topmargin=-38.1381pt
* \headheight=12.0pt
* \headsep=25.0pt
* \topskip=10.0pt
* \footskip=30.0pt
* \marginparwidth=57.0pt
* \marginparsep=11.0pt
* \columnsep=10.0pt
* \skip\footins=9.0pt plus 4.0pt minus 2.0pt
* \hoffset=0.0pt
* \voffset=0.0pt
* \mag=1000
* \@twocolumnfalse
* \@twosidefalse
* \@mparswitchfalse
* \@reversemarginfalse
* (1in=72.27pt=25.4mm, 1cm=28.453pt)

ABD: EveryShipout initializing macros
\c@lstlisting=\count300

(/usr/local/texlive/2017/texmf-dist/tex/latex/base/inputenc.sty
Package: inputenc 2015/03/17 v1.2c Input encoding file
\inpenc@prehook=\toks43
\inpenc@posthook=\toks44
)
ABD: EverySelectfont initializing macros
LaTeX Info: Redefining \selectfont on input line 13.
.................................................
. fontspec info: "setup-math"
. 
. Adjusting the maths setup (use [no-math] to avoid this).
.................................................
\symlegacymaths=\mathgroup4
LaTeX Font Info:    Overwriting symbol font `legacymaths' in version `bold'
(Font)                  OT1/cmr/m/n --> OT1/cmr/bx/n on input line 13.
LaTeX Font Info:    Redeclaring math accent \acute on input line 13.
LaTeX Font Info:    Redeclaring math accent \grave on input line 13.
LaTeX Font Info:    Redeclaring math accent \ddot on input line 13.
LaTeX Font Info:    Redeclaring math accent \tilde on input line 13.
LaTeX Font Info:    Redeclaring math accent \bar on input line 13.
LaTeX Font Info:    Redeclaring math accent \breve on input line 13.
LaTeX Font Info:    Redeclaring math accent \check on input line 13.
LaTeX Font Info:    Redeclaring math accent \hat on input line 13.
LaTeX Font Info:    Redeclaring math accent \dot on input line 13.
LaTeX Font Info:    Redeclaring math accent \mathring on input line 13.
LaTeX Font Info:    Redeclaring math symbol \Gamma on input line 13.
LaTeX Font Info:    Redeclaring math symbol \Delta on input line 13.
LaTeX Font Info:    Redeclaring math symbol \Theta on input line 13.
LaTeX Font Info:    Redeclaring math symbol \Lambda on input line 13.
LaTeX Font Info:    Redeclaring math symbol \Xi on input line 13.
LaTeX Font Info:    Redeclaring math symbol \Pi on input line 13.
LaTeX Font Info:    Redeclaring math symbol \Sigma on input line 13.
LaTeX Font Info:    Redeclaring math symbol \Upsilon on input line 13.
LaTeX Font Info:    Redeclaring math symbol \Phi on input line 13.
LaTeX Font Info:    Redeclaring math symbol \Psi on input line 13.
LaTeX Font Info:    Redeclaring math symbol \Omega on input line 13.
LaTeX Font Info:    Redeclaring math symbol \mathdollar on input line 13.
LaTeX Font Info:    Redeclaring symbol font `operators' on input line 13.
LaTeX Font Info:    Encoding `OT1' has changed to `TU' for symbol font
(Font)              `operators' in the math version `normal' on input line 13.
LaTeX Font Info:    Overwriting symbol font `operators' in version `normal'
(Font)                  OT1/cmr/m/n --> TU/lmr/m/n on input line 13.
LaTeX Font Info:    Encoding `OT1' has changed to `TU' for symbol font
(Font)              `operators' in the math version `bold' on input line 13.
LaTeX Font Info:    Overwriting symbol font `operators' in version `bold'
(Font)                  OT1/cmr/bx/n --> TU/lmr/m/n on input line 13.
LaTeX Font Info:    Overwriting symbol font `operators' in version `normal'
(Font)                  TU/lmr/m/n --> TU/lmr/m/n on input line 13.
LaTeX Font Info:    Overwriting math alphabet `\mathit' in version `normal'
(Font)                  OT1/cmr/m/it --> TU/lmr/m/it on input line 13.
LaTeX Font Info:    Overwriting math alphabet `\mathbf' in version `normal'
(Font)                  OT1/cmr/bx/n --> TU/lmr/bx/n on input line 13.
LaTeX Font Info:    Overwriting math alphabet `\mathsf' in version `normal'
(Font)                  OT1/cmss/m/n --> TU/lmss/m/n on input line 13.
LaTeX Font Info:    Overwriting math alphabet `\mathtt' in version `normal'
(Font)                  OT1/cmtt/m/n --> TU/lmtt/m/n on input line 13.
LaTeX Font Info:    Overwriting symbol font `operators' in version `bold'
(Font)                  TU/lmr/m/n --> TU/lmr/bx/n on input line 13.
LaTeX Font Info:    Overwriting math alphabet `\mathit' in version `bold'
(Font)                  OT1/cmr/bx/it --> TU/lmr/bx/it on input line 13.
LaTeX Font Info:    Overwriting math alphabet `\mathsf' in version `bold'
(Font)                  OT1/cmss/bx/n --> TU/lmss/bx/n on input line 13.
LaTeX Font Info:    Overwriting math alphabet `\mathtt' in version `bold'
(Font)                  OT1/cmtt/m/n --> TU/lmtt/bx/n on input line 13.

*** you should *not* be loading the inputenc package
*** XeTeX expects the source to be in UTF8 encoding
*** some features of other encodings may conflict, resulting in poor output.

LaTeX Warning: No \author given.

(./lec/lec01.tex) (./lec/lec02.tex
*************************************************
* fontspec warning: "script-not-exist"
* 
* Font 'FandolFang-Regular' does not contain script 'CJK'.
*************************************************
\g__fontspec_family_FandolFang-Regular_int=\count301
.................................................
. fontspec info: "defining-font"
. 
. Font family 'FandolFang-Regular(0)' created for font 'FandolFang-Regular'
. with options [Script={CJK},Extension={.otf}].
.  
.  This font family consists of the following NFSS series/shapes:
.  
. - 'normal' (m/n) with NFSS spec.: <->"[FandolFang-Regular.otf]/OT"
. - 'small caps'  (m/sc) with NFSS spec.: 
.................................................
(./code/sumofN.py) (./code/foo.py [1

]) (./code/sumofN2.py) [2]
(./code/sumofN3.py)) (./lec/lec03.tex [3]
File: images/newplot.png Graphic file (type QTm)
 <use  "images/newplot.png" >
(./code/ex1.py) [4]
File: images/newplot.png Graphic file (type QTm)
 <use  "images/newplot.png" >) (./lec/lec04.tex [5]
(./code/anagramSolution1.py) (./code/anagramSolution2.py [6])
(./code/anagramSolution4.py [7])) (./lec/lec05.tex (./code/list_compare.py
[8]) [9] [10]
File: images/poptime.png Graphic file (type QTm)
 <use  "images/poptime.png" > [11] (./code/dict_time.py)
File: images/dict_figure.png Graphic file (type QTm)

<use  "images/dict_figure.png" >) [12] (./lec.aux) ) 
Here is how much of TeX's memory you used:
 40912 strings out of 493005
 900357 string characters out of 6134597
 1204495 words of memory out of 5000000
 44207 multiletter control sequences out of 15000+600000
 7810 words of font info for 54 fonts, out of 8000000 for 9000
 1348 hyphenation exceptions out of 8191
 65i,17n,101p,10521b,999s stack positions out of 5000i,500n,10000p,200000b,80000s

Output written on lec.pdf (12 pages).
